  [1m[35m (2.6ms)[0m  [1m[35mCREATE TABLE "schema_migrations" ("version" varchar NOT NULL PRIMARY KEY) /*application='SnakeWaterGun'*/[0m
  [1m[35m (0.1ms)[0m  [1m[35mCREATE TABLE "ar_internal_metadata" ("key" varchar NOT NULL PRIMARY KEY, "value" varchar, "created_at" datetime(6) NOT NULL, "updated_at" datetime(6) NOT NULL) /*application='SnakeWaterGun'*/[0m
  [1m[36mActiveRecord::InternalMetadata Load (0.1ms)[0m  [1m[34mSELECT * FROM "ar_internal_metadata" WHERE "ar_internal_metadata"."key" = 'environment' ORDER BY "ar_internal_metadata"."key" ASC LIMIT 1 /*application='SnakeWaterGun'*/[0m
  [1m[36mActiveRecord::InternalMetadata Create (0.1ms)[0m  [1m[32mINSERT INTO "ar_internal_metadata" ("key", "value", "created_at", "updated_at") VALUES ('environment', 'development', '2025-08-21 11:49:35.418237', '2025-08-21 11:49:35.418239') RETURNING "key" /*application='SnakeWaterGun'*/[0m
  [1m[36mActiveRecord::SchemaMigration Load (0.0ms)[0m  [1m[34mSELECT "schema_migrations"."version" FROM "schema_migrations" ORDER BY "schema_migrations"."version" ASC /*application='SnakeWaterGun'*/[0m
Migrating to CreateRounds (20250821114921)
  [1m[36mTRANSACTION (0.0ms)[0m  [1m[35mBEGIN immediate TRANSACTION /*application='SnakeWaterGun'*/[0m
  [1m[35m (10.0ms)[0m  [1m[35mCREATE TABLE "rounds" ("id" integer PRIMARY KEY AUTOINCREMENT NOT NULL, "player_choice" varchar, "computer_choice" varchar, "result" varchar, "created_at" datetime(6) NOT NULL, "updated_at" datetime(6) NOT NULL) /*application='SnakeWaterGun'*/[0m
  [1m[36mActiveRecord::SchemaMigration Create (0.1ms)[0m  [1m[32mINSERT INTO "schema_migrations" ("version") VALUES ('20250821114921') RETURNING "version" /*application='SnakeWaterGun'*/[0m
  [1m[36mTRANSACTION (0.0ms)[0m  [1m[35mCOMMIT TRANSACTION /*application='SnakeWaterGun'*/[0m
  [1m[36mActiveRecord::SchemaMigration Load (0.1ms)[0m  [1m[34mSELECT "schema_migrations"."version" FROM "schema_migrations" ORDER BY "schema_migrations"."version" ASC /*application='SnakeWaterGun'*/[0m
  [1m[36mActiveRecord::SchemaMigration Load (0.1ms)[0m  [1m[34mSELECT "schema_migrations"."version" FROM "schema_migrations" ORDER BY "schema_migrations"."version" ASC /*application='SnakeWaterGun'*/[0m
  [1m[36mActiveRecord::SchemaMigration Load (0.0ms)[0m  [1m[34mSELECT "schema_migrations"."version" FROM "schema_migrations" ORDER BY "schema_migrations"."version" ASC /*application='SnakeWaterGun'*/[0m
  [1m[36mActiveRecord::SchemaMigration Load (0.0ms)[0m  [1m[34mSELECT "schema_migrations"."version" FROM "schema_migrations" ORDER BY "schema_migrations"."version" ASC /*application='SnakeWaterGun'*/[0m
  [1m[36mActiveRecord::SchemaMigration Load (0.0ms)[0m  [1m[34mSELECT "schema_migrations"."version" FROM "schema_migrations" ORDER BY "schema_migrations"."version" ASC /*application='SnakeWaterGun'*/[0m
Migrating to CreateRounds (20250821114921)
  [1m[36mTRANSACTION (0.0ms)[0m  [1m[35mBEGIN immediate TRANSACTION /*application='SnakeWaterGun'*/[0m
  [1m[35m (1.2ms)[0m  [1m[35mDROP TABLE "rounds" /*application='SnakeWaterGun'*/[0m
  [1m[36mActiveRecord::SchemaMigration Destroy (0.0ms)[0m  [1m[31mDELETE FROM "schema_migrations" WHERE "schema_migrations"."version" = '20250821114921' /*application='SnakeWaterGun'*/[0m
  [1m[36mTRANSACTION (4.1ms)[0m  [1m[35mCOMMIT TRANSACTION /*application='SnakeWaterGun'*/[0m
  [1m[36mActiveRecord::SchemaMigration Load (0.0ms)[0m  [1m[34mSELECT "schema_migrations"."version" FROM "schema_migrations" ORDER BY "schema_migrations"."version" ASC /*application='SnakeWaterGun'*/[0m
  [1m[36mActiveRecord::InternalMetadata Load (0.1ms)[0m  [1m[34mSELECT * FROM "ar_internal_metadata" WHERE "ar_internal_metadata"."key" = 'environment' ORDER BY "ar_internal_metadata"."key" ASC LIMIT 1 /*application='SnakeWaterGun'*/[0m
  [1m[36mActiveRecord::SchemaMigration Load (0.1ms)[0m  [1m[34mSELECT "schema_migrations"."version" FROM "schema_migrations" ORDER BY "schema_migrations"."version" ASC /*application='SnakeWaterGun'*/[0m
Migrating to CreateRounds (20250821114921)
  [1m[36mTRANSACTION (0.0ms)[0m  [1m[35mBEGIN immediate TRANSACTION /*application='SnakeWaterGun'*/[0m
  [1m[35m (1.5ms)[0m  [1m[35mCREATE TABLE "rounds" ("id" integer PRIMARY KEY AUTOINCREMENT NOT NULL, "player_choice" varchar NOT NULL, "computer_choice" varchar NOT NULL, "result" varchar NOT NULL, "created_at" datetime(6) NOT NULL, "updated_at" datetime(6) NOT NULL) /*application='SnakeWaterGun'*/[0m
  [1m[36mActiveRecord::SchemaMigration Create (0.1ms)[0m  [1m[32mINSERT INTO "schema_migrations" ("version") VALUES ('20250821114921') RETURNING "version" /*application='SnakeWaterGun'*/[0m
  [1m[36mTRANSACTION (13.5ms)[0m  [1m[35mCOMMIT TRANSACTION /*application='SnakeWaterGun'*/[0m
  [1m[36mActiveRecord::SchemaMigration Load (0.1ms)[0m  [1m[34mSELECT "schema_migrations"."version" FROM "schema_migrations" ORDER BY "schema_migrations"."version" ASC /*application='SnakeWaterGun'*/[0m
Started GET "/" for ::1 at 2025-08-21 17:26:24 +0530
  [1m[36mActiveRecord::SchemaMigration Load (0.4ms)[0m  [1m[34mSELECT "schema_migrations"."version" FROM "schema_migrations" ORDER BY "schema_migrations"."version" ASC /*application='SnakeWaterGun'*/[0m
Processing by RoundsController#new as HTML
  Rendering layout layouts/application.html.erb
  Rendering rounds/new.html.erb within layouts/application
  Rendered rounds/new.html.erb within layouts/application (Duration: 3.0ms | GC: 0.0ms)
  Rendered layout layouts/application.html.erb (Duration: 7.9ms | GC: 0.0ms)
Completed 200 OK in 57ms (Views: 12.0ms | ActiveRecord: 1.3ms (0 queries, 0 cached) | GC: 1.0ms)


Started GET "/assets/application-88c8651a.css" for ::1 at 2025-08-21 17:26:24 +0530
Started GET "/favicon.ico" for ::1 at 2025-08-21 17:26:24 +0530
  
ActionController::RoutingError (No route matches [GET] "/favicon.ico"):
  
Started POST "/rounds" for ::1 at 2025-08-21 17:26:27 +0530
Processing by RoundsController#create as HTML
  Parameters: {"authenticity_token"=>"[FILTERED]", "choice"=>"snake"}
  [1m[36mTRANSACTION (1.9ms)[0m  [1m[35mBEGIN immediate TRANSACTION /*action='create',application='SnakeWaterGun',controller='rounds'*/[0m
  ↳ app/controllers/rounds_controller.rb:21:in `create'
  [1m[36mRound Create (4.3ms)[0m  [1m[32mINSERT INTO "rounds" ("player_choice", "computer_choice", "result", "created_at", "updated_at") VALUES ('snake', 'water', 'Win', '2025-08-21 11:56:27.500854', '2025-08-21 11:56:27.500854') RETURNING "id" /*action='create',application='SnakeWaterGun',controller='rounds'*/[0m
  ↳ app/controllers/rounds_controller.rb:21:in `create'
  [1m[36mTRANSACTION (2.4ms)[0m  [1m[35mCOMMIT TRANSACTION /*action='create',application='SnakeWaterGun',controller='rounds'*/[0m
  ↳ app/controllers/rounds_controller.rb:21:in `create'
Redirected to http://localhost:3000/rounds/1
Completed 302 Found in 27ms (ActiveRecord: 8.5ms (1 query, 0 cached) | GC: 0.2ms)


Started GET "/rounds/1" for ::1 at 2025-08-21 17:26:27 +0530
Processing by RoundsController#show as HTML
  Parameters: {"id"=>"1"}
  [1m[36mRound Load (0.8ms)[0m  [1m[34mSELECT "rounds".* FROM "rounds" WHERE "rounds"."id" = 1 LIMIT 1 /*action='show',application='SnakeWaterGun',controller='rounds'*/[0m
  ↳ app/controllers/rounds_controller.rb:30:in `show'
  Rendering layout layouts/application.html.erb
  Rendering rounds/show.html.erb within layouts/application
  Rendered rounds/show.html.erb within layouts/application (Duration: 0.7ms | GC: 0.0ms)
  Rendered layout layouts/application.html.erb (Duration: 2.8ms | GC: 0.0ms)
Completed 200 OK in 19ms (Views: 3.7ms | ActiveRecord: 0.8ms (1 query, 0 cached) | GC: 0.4ms)


Started GET "/rounds" for ::1 at 2025-08-21 17:26:30 +0530
Processing by RoundsController#index as HTML
  [1m[36mRound Count (0.5ms)[0m  [1m[34mSELECT COUNT(*) AS "count_all", "rounds"."result" AS "rounds_result" FROM "rounds" GROUP BY "rounds"."result" /*action='index',application='SnakeWaterGun',controller='rounds'*/[0m
  ↳ app/controllers/rounds_controller.rb:36:in `index'
  [1m[36mRound Count (0.1ms)[0m  [1m[34mSELECT COUNT(*) AS "count_all", "rounds"."player_choice" AS "rounds_player_choice" FROM "rounds" GROUP BY "rounds"."player_choice" /*action='index',application='SnakeWaterGun',controller='rounds'*/[0m
  ↳ app/controllers/rounds_controller.rb:38:in `index'
  Rendering layout layouts/application.html.erb
  Rendering rounds/index.html.erb within layouts/application
  [1m[36mRound Load (0.3ms)[0m  [1m[34mSELECT "rounds".* FROM "rounds" ORDER BY "rounds"."created_at" DESC LIMIT 20 /*action='index',application='SnakeWaterGun',controller='rounds'*/[0m
  ↳ app/views/rounds/index.html.erb:32:in `each_with_index'
  Rendered rounds/index.html.erb within layouts/application (Duration: 1.7ms | GC: 0.0ms)
  Rendered layout layouts/application.html.erb (Duration: 3.2ms | GC: 0.0ms)
Completed 200 OK in 16ms (Views: 4.0ms | ActiveRecord: 0.8ms (3 queries, 0 cached) | GC: 0.0ms)


Started GET "/" for ::1 at 2025-08-21 17:26:42 +0530
Processing by RoundsController#new as HTML
  Rendering layout layouts/application.html.erb
  Rendering rounds/new.html.erb within layouts/application
  Rendered rounds/new.html.erb within layouts/application (Duration: 0.8ms | GC: 0.0ms)
  Rendered layout layouts/application.html.erb (Duration: 1.6ms | GC: 0.0ms)
Completed 200 OK in 7ms (Views: 1.9ms | ActiveRecord: 0.0ms (0 queries, 0 cached) | GC: 0.0ms)


Started GET "/rounds" for ::1 at 2025-08-21 17:26:44 +0530
Processing by RoundsController#index as HTML
  [1m[36mRound Count (0.3ms)[0m  [1m[34mSELECT COUNT(*) AS "count_all", "rounds"."result" AS "rounds_result" FROM "rounds" GROUP BY "rounds"."result" /*action='index',application='SnakeWaterGun',controller='rounds'*/[0m
  ↳ app/controllers/rounds_controller.rb:36:in `index'
  [1m[36mRound Count (0.0ms)[0m  [1m[34mSELECT COUNT(*) AS "count_all", "rounds"."player_choice" AS "rounds_player_choice" FROM "rounds" GROUP BY "rounds"."player_choice" /*action='index',application='SnakeWaterGun',controller='rounds'*/[0m
  ↳ app/controllers/rounds_controller.rb:38:in `index'
  Rendering layout layouts/application.html.erb
  Rendering rounds/index.html.erb within layouts/application
  [1m[36mRound Load (0.1ms)[0m  [1m[34mSELECT "rounds".* FROM "rounds" ORDER BY "rounds"."created_at" DESC LIMIT 20 /*action='index',application='SnakeWaterGun',controller='rounds'*/[0m
  ↳ app/views/rounds/index.html.erb:32:in `each_with_index'
  Rendered rounds/index.html.erb within layouts/application (Duration: 1.5ms | GC: 0.0ms)
  Rendered layout layouts/application.html.erb (Duration: 2.2ms | GC: 0.0ms)
Completed 200 OK in 10ms (Views: 2.4ms | ActiveRecord: 0.4ms (3 queries, 0 cached) | GC: 0.0ms)


Started GET "/rounds" for ::1 at 2025-08-21 17:26:48 +0530
Processing by RoundsController#index as HTML
  [1m[36mRound Count (0.2ms)[0m  [1m[34mSELECT COUNT(*) AS "count_all", "rounds"."result" AS "rounds_result" FROM "rounds" GROUP BY "rounds"."result" /*action='index',application='SnakeWaterGun',controller='rounds'*/[0m
  ↳ app/controllers/rounds_controller.rb:36:in `index'
  [1m[36mRound Count (0.1ms)[0m  [1m[34mSELECT COUNT(*) AS "count_all", "rounds"."player_choice" AS "rounds_player_choice" FROM "rounds" GROUP BY "rounds"."player_choice" /*action='index',application='SnakeWaterGun',controller='rounds'*/[0m
  ↳ app/controllers/rounds_controller.rb:38:in `index'
  Rendering layout layouts/application.html.erb
  Rendering rounds/index.html.erb within layouts/application
  [1m[36mRound Load (0.1ms)[0m  [1m[34mSELECT "rounds".* FROM "rounds" ORDER BY "rounds"."created_at" DESC LIMIT 20 /*action='index',application='SnakeWaterGun',controller='rounds'*/[0m
  ↳ app/views/rounds/index.html.erb:32:in `each_with_index'
  Rendered rounds/index.html.erb within layouts/application (Duration: 3.2ms | GC: 0.0ms)
  Rendered layout layouts/application.html.erb (Duration: 4.8ms | GC: 0.0ms)
Completed 200 OK in 16ms (Views: 5.1ms | ActiveRecord: 0.3ms (3 queries, 0 cached) | GC: 0.0ms)


Started GET "/rounds" for ::1 at 2025-08-21 17:26:52 +0530
Processing by RoundsController#index as HTML
  [1m[36mRound Count (0.2ms)[0m  [1m[34mSELECT COUNT(*) AS "count_all", "rounds"."result" AS "rounds_result" FROM "rounds" GROUP BY "rounds"."result" /*action='index',application='SnakeWaterGun',controller='rounds'*/[0m
  ↳ app/controllers/rounds_controller.rb:36:in `index'
  [1m[36mRound Count (0.1ms)[0m  [1m[34mSELECT COUNT(*) AS "count_all", "rounds"."player_choice" AS "rounds_player_choice" FROM "rounds" GROUP BY "rounds"."player_choice" /*action='index',application='SnakeWaterGun',controller='rounds'*/[0m
  ↳ app/controllers/rounds_controller.rb:38:in `index'
  Rendering layout layouts/application.html.erb
  Rendering rounds/index.html.erb within layouts/application
  [1m[36mRound Load (0.1ms)[0m  [1m[34mSELECT "rounds".* FROM "rounds" ORDER BY "rounds"."created_at" DESC LIMIT 20 /*action='index',application='SnakeWaterGun',controller='rounds'*/[0m
  ↳ app/views/rounds/index.html.erb:32:in `each_with_index'
  Rendered rounds/index.html.erb within layouts/application (Duration: 0.8ms | GC: 0.0ms)
  Rendered layout layouts/application.html.erb (Duration: 3.3ms | GC: 0.0ms)
Completed 200 OK in 16ms (Views: 3.7ms | ActiveRecord: 0.3ms (3 queries, 0 cached) | GC: 0.0ms)


Started GET "/" for ::1 at 2025-08-21 17:26:58 +0530
Processing by RoundsController#new as HTML
  Rendering layout layouts/application.html.erb
  Rendering rounds/new.html.erb within layouts/application
  Rendered rounds/new.html.erb within layouts/application (Duration: 2.5ms | GC: 0.0ms)
  Rendered layout layouts/application.html.erb (Duration: 5.7ms | GC: 0.0ms)
Completed 200 OK in 11ms (Views: 6.2ms | ActiveRecord: 0.0ms (0 queries, 0 cached) | GC: 0.0ms)


Started POST "/rounds" for ::1 at 2025-08-21 17:27:01 +0530
Processing by RoundsController#create as HTML
  Parameters: {"authenticity_token"=>"[FILTERED]", "choice"=>"snake"}
  [1m[36mTRANSACTION (0.0ms)[0m  [1m[35mBEGIN immediate TRANSACTION /*action='create',application='SnakeWaterGun',controller='rounds'*/[0m
  ↳ app/controllers/rounds_controller.rb:21:in `create'
  [1m[36mRound Create (0.5ms)[0m  [1m[32mINSERT INTO "rounds" ("player_choice", "computer_choice", "result", "created_at", "updated_at") VALUES ('snake', 'snake', 'Draw', '2025-08-21 11:57:01.231270', '2025-08-21 11:57:01.231270') RETURNING "id" /*action='create',application='SnakeWaterGun',controller='rounds'*/[0m
  ↳ app/controllers/rounds_controller.rb:21:in `create'
  [1m[36mTRANSACTION (0.4ms)[0m  [1m[35mCOMMIT TRANSACTION /*action='create',application='SnakeWaterGun',controller='rounds'*/[0m
  ↳ app/controllers/rounds_controller.rb:21:in `create'
Redirected to http://localhost:3000/rounds/2
Completed 302 Found in 18ms (ActiveRecord: 0.6ms (1 query, 0 cached) | GC: 0.0ms)


Started GET "/rounds/2" for ::1 at 2025-08-21 17:27:01 +0530
Processing by RoundsController#show as HTML
  Parameters: {"id"=>"2"}
  [1m[36mRound Load (0.2ms)[0m  [1m[34mSELECT "rounds".* FROM "rounds" WHERE "rounds"."id" = 2 LIMIT 1 /*action='show',application='SnakeWaterGun',controller='rounds'*/[0m
  ↳ app/controllers/rounds_controller.rb:30:in `show'
  Rendering layout layouts/application.html.erb
  Rendering rounds/show.html.erb within layouts/application
  Rendered rounds/show.html.erb within layouts/application (Duration: 0.6ms | GC: 0.0ms)
  Rendered layout layouts/application.html.erb (Duration: 1.3ms | GC: 0.0ms)
Completed 200 OK in 9ms (Views: 1.6ms | ActiveRecord: 0.1ms (1 query, 0 cached) | GC: 0.2ms)


Started GET "/rounds" for ::1 at 2025-08-21 17:27:04 +0530
Processing by RoundsController#index as HTML
  [1m[36mRound Count (0.1ms)[0m  [1m[34mSELECT COUNT(*) AS "count_all", "rounds"."result" AS "rounds_result" FROM "rounds" GROUP BY "rounds"."result" /*action='index',application='SnakeWaterGun',controller='rounds'*/[0m
  ↳ app/controllers/rounds_controller.rb:36:in `index'
  [1m[36mRound Count (0.3ms)[0m  [1m[34mSELECT COUNT(*) AS "count_all", "rounds"."player_choice" AS "rounds_player_choice" FROM "rounds" GROUP BY "rounds"."player_choice" /*action='index',application='SnakeWaterGun',controller='rounds'*/[0m
  ↳ app/controllers/rounds_controller.rb:38:in `index'
  Rendering layout layouts/application.html.erb
  Rendering rounds/index.html.erb within layouts/application
  [1m[36mRound Load (0.2ms)[0m  [1m[34mSELECT "rounds".* FROM "rounds" ORDER BY "rounds"."created_at" DESC LIMIT 20 /*action='index',application='SnakeWaterGun',controller='rounds'*/[0m
  ↳ app/views/rounds/index.html.erb:32:in `each_with_index'
  Rendered rounds/index.html.erb within layouts/application (Duration: 2.4ms | GC: 0.2ms)
  Rendered layout layouts/application.html.erb (Duration: 3.4ms | GC: 0.2ms)
Completed 200 OK in 13ms (Views: 3.9ms | ActiveRecord: 0.6ms (3 queries, 0 cached) | GC: 0.2ms)


Started GET "/" for ::1 at 2025-08-21 17:27:24 +0530
  [1m[36mActiveRecord::SchemaMigration Load (0.3ms)[0m  [1m[34mSELECT "schema_migrations"."version" FROM "schema_migrations" ORDER BY "schema_migrations"."version" ASC /*application='SnakeWaterGun'*/[0m
Processing by RoundsController#new as HTML
  Rendering layout layouts/application.html.erb
  Rendering rounds/new.html.erb within layouts/application
  Rendered rounds/new.html.erb within layouts/application (Duration: 4.5ms | GC: 0.2ms)
  Rendered layout layouts/application.html.erb (Duration: 10.7ms | GC: 0.8ms)
Completed 200 OK in 61ms (Views: 13.0ms | ActiveRecord: 1.2ms (0 queries, 0 cached) | GC: 16.3ms)


Started GET "/rounds" for ::1 at 2025-08-21 17:27:26 +0530
Processing by RoundsController#index as HTML
  [1m[36mRound Count (0.3ms)[0m  [1m[34mSELECT COUNT(*) AS "count_all", "rounds"."result" AS "rounds_result" FROM "rounds" GROUP BY "rounds"."result" /*action='index',application='SnakeWaterGun',controller='rounds'*/[0m
  ↳ app/controllers/rounds_controller.rb:36:in `index'
  [1m[36mRound Count (2.3ms)[0m  [1m[34mSELECT COUNT(*) AS "count_all", "rounds"."player_choice" AS "rounds_player_choice" FROM "rounds" GROUP BY "rounds"."player_choice" /*action='index',application='SnakeWaterGun',controller='rounds'*/[0m
  ↳ app/controllers/rounds_controller.rb:38:in `index'
  Rendering layout layouts/application.html.erb
  Rendering rounds/index.html.erb within layouts/application
  [1m[36mRound Load (0.3ms)[0m  [1m[34mSELECT "rounds".* FROM "rounds" ORDER BY "rounds"."created_at" DESC LIMIT 20 /*action='index',application='SnakeWaterGun',controller='rounds'*/[0m
  ↳ app/views/rounds/index.html.erb:32:in `each_with_index'
  Rendered rounds/index.html.erb within layouts/application (Duration: 10.7ms | GC: 4.0ms)
  Rendered layout layouts/application.html.erb (Duration: 15.7ms | GC: 5.1ms)
Completed 200 OK in 38ms (Views: 18.4ms | ActiveRecord: 2.9ms (3 queries, 0 cached) | GC: 13.6ms)


  [1m[36mActiveRecord::InternalMetadata Load (0.1ms)[0m  [1m[34mSELECT * FROM "ar_internal_metadata" WHERE "ar_internal_metadata"."key" = 'environment' ORDER BY "ar_internal_metadata"."key" ASC LIMIT 1 /*application='SnakeWaterGun'*/[0m
  [1m[36mActiveRecord::SchemaMigration Load (0.0ms)[0m  [1m[34mSELECT "schema_migrations"."version" FROM "schema_migrations" ORDER BY "schema_migrations"."version" ASC /*application='SnakeWaterGun'*/[0m
Migrating to DeviseCreateUsers (20250821120042)
  [1m[36mTRANSACTION (0.0ms)[0m  [1m[35mBEGIN immediate TRANSACTION /*application='SnakeWaterGun'*/[0m
  [1m[35m (1.5ms)[0m  [1m[35mCREATE TABLE "users" ("id" integer PRIMARY KEY AUTOINCREMENT NOT NULL, "email" varchar DEFAULT '' NOT NULL, "encrypted_password" varchar DEFAULT '' NOT NULL, "reset_password_token" varchar, "reset_password_sent_at" datetime(6), "remember_created_at" datetime(6), "created_at" datetime(6) NOT NULL, "updated_at" datetime(6) NOT NULL) /*application='SnakeWaterGun'*/[0m
  [1m[35m (0.1ms)[0m  [1m[35mCREATE UNIQUE INDEX "index_users_on_email" ON "users" ("email") /*application='SnakeWaterGun'*/[0m
  [1m[35m (0.0ms)[0m  [1m[35mCREATE UNIQUE INDEX "index_users_on_reset_password_token" ON "users" ("reset_password_token") /*application='SnakeWaterGun'*/[0m
  [1m[36mActiveRecord::SchemaMigration Create (0.1ms)[0m  [1m[32mINSERT INTO "schema_migrations" ("version") VALUES ('20250821120042') RETURNING "version" /*application='SnakeWaterGun'*/[0m
  [1m[36mTRANSACTION (13.3ms)[0m  [1m[35mCOMMIT TRANSACTION /*application='SnakeWaterGun'*/[0m
  [1m[36mActiveRecord::SchemaMigration Load (0.0ms)[0m  [1m[34mSELECT "schema_migrations"."version" FROM "schema_migrations" ORDER BY "schema_migrations"."version" ASC /*application='SnakeWaterGun'*/[0m
  [1m[36mActiveRecord::InternalMetadata Load (0.1ms)[0m  [1m[34mSELECT * FROM "ar_internal_metadata" WHERE "ar_internal_metadata"."key" = 'environment' ORDER BY "ar_internal_metadata"."key" ASC LIMIT 1 /*application='SnakeWaterGun'*/[0m
  [1m[36mActiveRecord::SchemaMigration Load (0.0ms)[0m  [1m[34mSELECT "schema_migrations"."version" FROM "schema_migrations" ORDER BY "schema_migrations"."version" ASC /*application='SnakeWaterGun'*/[0m
Migrating to AddUserToRounds (20250821120059)
  [1m[36mTRANSACTION (0.0ms)[0m  [1m[35mBEGIN immediate TRANSACTION /*application='SnakeWaterGun'*/[0m
  [1m[35mSQL (0.1ms)[0m  [1m[35mPRAGMA foreign_keys /*application='SnakeWaterGun'*/[0m
  [1m[35mSQL (0.0ms)[0m  [1m[35mPRAGMA defer_foreign_keys /*application='SnakeWaterGun'*/[0m
  [1m[35m (0.0ms)[0m  [1m[35mPRAGMA defer_foreign_keys = ON /*application='SnakeWaterGun'*/[0m
  [1m[35m (0.1ms)[0m  [1m[35mPRAGMA foreign_keys = OFF /*application='SnakeWaterGun'*/[0m
  [1m[35m (0.1ms)[0m  [1m[35mCREATE TEMPORARY TABLE "arounds" ("id" integer PRIMARY KEY AUTOINCREMENT NOT NULL, "player_choice" varchar NOT NULL, "computer_choice" varchar NOT NULL, "result" varchar NOT NULL, "created_at" datetime(6) NOT NULL, "updated_at" datetime(6) NOT NULL) /*application='SnakeWaterGun'*/[0m
  [1m[35mSQL (0.3ms)[0m  [1m[32mINSERT INTO "arounds" ("id","player_choice","computer_choice","result","created_at","updated_at")
                     SELECT "id","player_choice","computer_choice","result","created_at","updated_at" FROM "rounds" /*application='SnakeWaterGun'*/[0m
  [1m[35m (0.1ms)[0m  [1m[35mDROP TABLE "rounds" /*application='SnakeWaterGun'*/[0m
  [1m[35m (0.9ms)[0m  [1m[35mCREATE TABLE "rounds" ("id" integer PRIMARY KEY AUTOINCREMENT NOT NULL, "player_choice" varchar NOT NULL, "computer_choice" varchar NOT NULL, "result" varchar NOT NULL, "created_at" datetime(6) NOT NULL, "updated_at" datetime(6) NOT NULL, "user_id" integer NOT NULL) /*application='SnakeWaterGun'*/[0m
  [1m[35mSQL (0.3ms)[0m  [1m[32mINSERT INTO "rounds" ("id","player_choice","computer_choice","result","created_at","updated_at")
                     SELECT "id","player_choice","computer_choice","result","created_at","updated_at" FROM "arounds" /*application='SnakeWaterGun'*/[0m
  [1m[35m (0.1ms)[0m  [1m[35mPRAGMA defer_foreign_keys = 0 /*application='SnakeWaterGun'*/[0m
  [1m[35m (0.2ms)[0m  [1m[35mPRAGMA foreign_keys = 1 /*application='SnakeWaterGun'*/[0m
  [1m[36mTRANSACTION (0.2ms)[0m  [1m[31mROLLBACK TRANSACTION /*application='SnakeWaterGun'*/[0m
  [1m[36mActiveRecord::SchemaMigration Load (0.1ms)[0m  [1m[34mSELECT "schema_migrations"."version" FROM "schema_migrations" ORDER BY "schema_migrations"."version" ASC /*application='SnakeWaterGun'*/[0m
  [1m[36mActiveRecord::SchemaMigration Load (0.0ms)[0m  [1m[34mSELECT "schema_migrations"."version" FROM "schema_migrations" ORDER BY "schema_migrations"."version" ASC /*application='SnakeWaterGun'*/[0m
  [1m[36mActiveRecord::SchemaMigration Load (0.0ms)[0m  [1m[34mSELECT "schema_migrations"."version" FROM "schema_migrations" ORDER BY "schema_migrations"."version" ASC /*application='SnakeWaterGun'*/[0m
  [1m[36mActiveRecord::SchemaMigration Load (0.0ms)[0m  [1m[34mSELECT "schema_migrations"."version" FROM "schema_migrations" ORDER BY "schema_migrations"."version" ASC /*application='SnakeWaterGun'*/[0m
Migrating to DeviseCreateUsers (20250821120042)
  [1m[36mTRANSACTION (0.0ms)[0m  [1m[35mBEGIN immediate TRANSACTION /*application='SnakeWaterGun'*/[0m
  [1m[35mSQL (0.2ms)[0m  [1m[35mDROP INDEX "index_users_on_reset_password_token" /*application='SnakeWaterGun'*/[0m
  [1m[35mSQL (0.1ms)[0m  [1m[35mDROP INDEX "index_users_on_email" /*application='SnakeWaterGun'*/[0m
  [1m[35m (0.0ms)[0m  [1m[35mDROP TABLE "users" /*application='SnakeWaterGun'*/[0m
  [1m[36mActiveRecord::SchemaMigration Destroy (0.3ms)[0m  [1m[31mDELETE FROM "schema_migrations" WHERE "schema_migrations"."version" = '20250821120042' /*application='SnakeWaterGun'*/[0m
  [1m[36mTRANSACTION (40.6ms)[0m  [1m[35mCOMMIT TRANSACTION /*application='SnakeWaterGun'*/[0m
  [1m[36mActiveRecord::SchemaMigration Load (0.1ms)[0m  [1m[34mSELECT "schema_migrations"."version" FROM "schema_migrations" ORDER BY "schema_migrations"."version" ASC /*application='SnakeWaterGun'*/[0m
  [1m[36mActiveRecord::SchemaMigration Load (0.1ms)[0m  [1m[34mSELECT "schema_migrations"."version" FROM "schema_migrations" ORDER BY "schema_migrations"."version" ASC /*application='SnakeWaterGun'*/[0m
  [1m[36mActiveRecord::SchemaMigration Load (0.0ms)[0m  [1m[34mSELECT "schema_migrations"."version" FROM "schema_migrations" ORDER BY "schema_migrations"."version" ASC /*application='SnakeWaterGun'*/[0m
  [1m[36mActiveRecord::SchemaMigration Load (0.0ms)[0m  [1m[34mSELECT "schema_migrations"."version" FROM "schema_migrations" ORDER BY "schema_migrations"."version" ASC /*application='SnakeWaterGun'*/[0m
  [1m[36mActiveRecord::SchemaMigration Load (0.0ms)[0m  [1m[34mSELECT "schema_migrations"."version" FROM "schema_migrations" ORDER BY "schema_migrations"."version" ASC /*application='SnakeWaterGun'*/[0m
Migrating to CreateRounds (20250821114921)
  [1m[36mTRANSACTION (0.0ms)[0m  [1m[35mBEGIN immediate TRANSACTION /*application='SnakeWaterGun'*/[0m
  [1m[35m (0.8ms)[0m  [1m[35mDROP TABLE "rounds" /*application='SnakeWaterGun'*/[0m
  [1m[36mActiveRecord::SchemaMigration Destroy (0.1ms)[0m  [1m[31mDELETE FROM "schema_migrations" WHERE "schema_migrations"."version" = '20250821114921' /*application='SnakeWaterGun'*/[0m
  [1m[36mTRANSACTION (3.5ms)[0m  [1m[35mCOMMIT TRANSACTION /*application='SnakeWaterGun'*/[0m
  [1m[36mActiveRecord::SchemaMigration Load (0.0ms)[0m  [1m[34mSELECT "schema_migrations"."version" FROM "schema_migrations" ORDER BY "schema_migrations"."version" ASC /*application='SnakeWaterGun'*/[0m
  [1m[36mActiveRecord::InternalMetadata Load (0.1ms)[0m  [1m[34mSELECT * FROM "ar_internal_metadata" WHERE "ar_internal_metadata"."key" = 'environment' ORDER BY "ar_internal_metadata"."key" ASC LIMIT 1 /*application='SnakeWaterGun'*/[0m
  [1m[36mActiveRecord::SchemaMigration Load (0.1ms)[0m  [1m[34mSELECT "schema_migrations"."version" FROM "schema_migrations" ORDER BY "schema_migrations"."version" ASC /*application='SnakeWaterGun'*/[0m
Migrating to CreateRounds (20250821114921)
  [1m[36mTRANSACTION (0.0ms)[0m  [1m[35mBEGIN immediate TRANSACTION /*application='SnakeWaterGun'*/[0m
  [1m[35m (1.4ms)[0m  [1m[35mCREATE TABLE "rounds" ("id" integer PRIMARY KEY AUTOINCREMENT NOT NULL, "player_choice" varchar NOT NULL, "computer_choice" varchar NOT NULL, "result" varchar NOT NULL, "created_at" datetime(6) NOT NULL, "updated_at" datetime(6) NOT NULL) /*application='SnakeWaterGun'*/[0m
  [1m[36mActiveRecord::SchemaMigration Create (0.1ms)[0m  [1m[32mINSERT INTO "schema_migrations" ("version") VALUES ('20250821114921') RETURNING "version" /*application='SnakeWaterGun'*/[0m
  [1m[36mTRANSACTION (40.6ms)[0m  [1m[35mCOMMIT TRANSACTION /*application='SnakeWaterGun'*/[0m
Migrating to DeviseCreateUsers (20250821120042)
  [1m[36mTRANSACTION (0.0ms)[0m  [1m[35mBEGIN immediate TRANSACTION /*application='SnakeWaterGun'*/[0m
  [1m[35m (0.9ms)[0m  [1m[35mCREATE TABLE "users" ("id" integer PRIMARY KEY AUTOINCREMENT NOT NULL, "email" varchar DEFAULT '' NOT NULL, "encrypted_password" varchar DEFAULT '' NOT NULL, "reset_password_token" varchar, "reset_password_sent_at" datetime(6), "remember_created_at" datetime(6), "created_at" datetime(6) NOT NULL, "updated_at" datetime(6) NOT NULL) /*application='SnakeWaterGun'*/[0m
  [1m[35m (0.1ms)[0m  [1m[35mCREATE UNIQUE INDEX "index_users_on_email" ON "users" ("email") /*application='SnakeWaterGun'*/[0m
  [1m[35m (0.1ms)[0m  [1m[35mCREATE UNIQUE INDEX "index_users_on_reset_password_token" ON "users" ("reset_password_token") /*application='SnakeWaterGun'*/[0m
  [1m[36mActiveRecord::SchemaMigration Create (0.1ms)[0m  [1m[32mINSERT INTO "schema_migrations" ("version") VALUES ('20250821120042') RETURNING "version" /*application='SnakeWaterGun'*/[0m
  [1m[36mTRANSACTION (1.3ms)[0m  [1m[35mCOMMIT TRANSACTION /*application='SnakeWaterGun'*/[0m
Migrating to AddUserToRounds (20250821120059)
  [1m[36mTRANSACTION (0.1ms)[0m  [1m[35mBEGIN immediate TRANSACTION /*application='SnakeWaterGun'*/[0m
  [1m[35mSQL (0.0ms)[0m  [1m[35mPRAGMA foreign_keys /*application='SnakeWaterGun'*/[0m
  [1m[35mSQL (0.1ms)[0m  [1m[35mPRAGMA defer_foreign_keys /*application='SnakeWaterGun'*/[0m
  [1m[35m (0.5ms)[0m  [1m[35mPRAGMA defer_foreign_keys = ON /*application='SnakeWaterGun'*/[0m
  [1m[35m (0.0ms)[0m  [1m[35mPRAGMA foreign_keys = OFF /*application='SnakeWaterGun'*/[0m
  [1m[35m (0.7ms)[0m  [1m[35mCREATE TEMPORARY TABLE "arounds" ("id" integer PRIMARY KEY AUTOINCREMENT NOT NULL, "player_choice" varchar NOT NULL, "computer_choice" varchar NOT NULL, "result" varchar NOT NULL, "created_at" datetime(6) NOT NULL, "updated_at" datetime(6) NOT NULL) /*application='SnakeWaterGun'*/[0m
  [1m[35mSQL (0.0ms)[0m  [1m[32mINSERT INTO "arounds" ("id","player_choice","computer_choice","result","created_at","updated_at")
                     SELECT "id","player_choice","computer_choice","result","created_at","updated_at" FROM "rounds" /*application='SnakeWaterGun'*/[0m
  [1m[35m (0.1ms)[0m  [1m[35mDROP TABLE "rounds" /*application='SnakeWaterGun'*/[0m
  [1m[35m (0.1ms)[0m  [1m[35mCREATE TABLE "rounds" ("id" integer PRIMARY KEY AUTOINCREMENT NOT NULL, "player_choice" varchar NOT NULL, "computer_choice" varchar NOT NULL, "result" varchar NOT NULL, "created_at" datetime(6) NOT NULL, "updated_at" datetime(6) NOT NULL, "user_id" integer NOT NULL) /*application='SnakeWaterGun'*/[0m
  [1m[35mSQL (0.0ms)[0m  [1m[32mINSERT INTO "rounds" ("id","player_choice","computer_choice","result","created_at","updated_at")
                     SELECT "id","player_choice","computer_choice","result","created_at","updated_at" FROM "arounds" /*application='SnakeWaterGun'*/[0m
  [1m[35m (0.0ms)[0m  [1m[35mDROP TABLE "arounds" /*application='SnakeWaterGun'*/[0m
  [1m[35m (0.0ms)[0m  [1m[35mPRAGMA defer_foreign_keys = 0 /*application='SnakeWaterGun'*/[0m
  [1m[35m (0.0ms)[0m  [1m[35mPRAGMA foreign_keys = 1 /*application='SnakeWaterGun'*/[0m
  [1m[35m (0.1ms)[0m  [1m[35mCREATE INDEX "index_rounds_on_user_id" ON "rounds" ("user_id") /*application='SnakeWaterGun'*/[0m
  [1m[35mSQL (0.0ms)[0m  [1m[35mPRAGMA foreign_keys /*application='SnakeWaterGun'*/[0m
  [1m[35mSQL (0.0ms)[0m  [1m[35mPRAGMA defer_foreign_keys /*application='SnakeWaterGun'*/[0m
  [1m[35m (0.0ms)[0m  [1m[35mPRAGMA defer_foreign_keys = ON /*application='SnakeWaterGun'*/[0m
  [1m[35m (0.0ms)[0m  [1m[35mPRAGMA foreign_keys = OFF /*application='SnakeWaterGun'*/[0m
  [1m[35m (0.1ms)[0m  [1m[35mCREATE TEMPORARY TABLE "arounds" ("id" integer PRIMARY KEY AUTOINCREMENT NOT NULL, "player_choice" varchar NOT NULL, "computer_choice" varchar NOT NULL, "result" varchar NOT NULL, "created_at" datetime(6) NOT NULL, "updated_at" datetime(6) NOT NULL, "user_id" integer NOT NULL) /*application='SnakeWaterGun'*/[0m
  [1m[35m (0.0ms)[0m  [1m[35mCREATE INDEX "tindex_arounds_on_user_id" ON "arounds" ("user_id") /*application='SnakeWaterGun'*/[0m
  [1m[35mSQL (0.0ms)[0m  [1m[32mINSERT INTO "arounds" ("id","player_choice","computer_choice","result","created_at","updated_at","user_id")
                     SELECT "id","player_choice","computer_choice","result","created_at","updated_at","user_id" FROM "rounds" /*application='SnakeWaterGun'*/[0m
  [1m[35m (0.1ms)[0m  [1m[35mDROP TABLE "rounds" /*application='SnakeWaterGun'*/[0m
  [1m[35m (0.1ms)[0m  [1m[35mCREATE TABLE "rounds" ("id" integer PRIMARY KEY AUTOINCREMENT NOT NULL, "player_choice" varchar NOT NULL, "computer_choice" varchar NOT NULL, "result" varchar NOT NULL, "created_at" datetime(6) NOT NULL, "updated_at" datetime(6) NOT NULL, "user_id" integer NOT NULL, CONSTRAINT "fk_rails_113d07974c"
FOREIGN KEY ("user_id")
  REFERENCES "users" ("id")
) /*application='SnakeWaterGun'*/[0m
  [1m[35m (0.0ms)[0m  [1m[35mCREATE INDEX "index_rounds_on_user_id" ON "rounds" ("user_id") /*application='SnakeWaterGun'*/[0m
  [1m[35mSQL (0.0ms)[0m  [1m[32mINSERT INTO "rounds" ("id","player_choice","computer_choice","result","created_at","updated_at","user_id")
                     SELECT "id","player_choice","computer_choice","result","created_at","updated_at","user_id" FROM "arounds" /*application='SnakeWaterGun'*/[0m
  [1m[35m (0.0ms)[0m  [1m[35mDROP TABLE "arounds" /*application='SnakeWaterGun'*/[0m
  [1m[35m (0.0ms)[0m  [1m[35mPRAGMA defer_foreign_keys = 0 /*application='SnakeWaterGun'*/[0m
  [1m[35m (0.0ms)[0m  [1m[35mPRAGMA foreign_keys = 1 /*application='SnakeWaterGun'*/[0m
  [1m[36mActiveRecord::SchemaMigration Create (0.1ms)[0m  [1m[32mINSERT INTO "schema_migrations" ("version") VALUES ('20250821120059') RETURNING "version" /*application='SnakeWaterGun'*/[0m
  [1m[36mTRANSACTION (0.1ms)[0m  [1m[35mCOMMIT TRANSACTION /*application='SnakeWaterGun'*/[0m
  [1m[36mActiveRecord::SchemaMigration Load (0.0ms)[0m  [1m[34mSELECT "schema_migrations"."version" FROM "schema_migrations" ORDER BY "schema_migrations"."version" ASC /*application='SnakeWaterGun'*/[0m
  [1m[36mActiveRecord::InternalMetadata Load (0.1ms)[0m  [1m[34mSELECT * FROM "ar_internal_metadata" WHERE "ar_internal_metadata"."key" = 'environment' ORDER BY "ar_internal_metadata"."key" ASC LIMIT 1 /*application='SnakeWaterGun'*/[0m
  [1m[36mActiveRecord::SchemaMigration Load (0.0ms)[0m  [1m[34mSELECT "schema_migrations"."version" FROM "schema_migrations" ORDER BY "schema_migrations"."version" ASC /*application='SnakeWaterGun'*/[0m
  [1m[36mActiveRecord::SchemaMigration Load (0.0ms)[0m  [1m[34mSELECT "schema_migrations"."version" FROM "schema_migrations" ORDER BY "schema_migrations"."version" ASC /*application='SnakeWaterGun'*/[0m
Started GET "/" for ::1 at 2025-08-21 17:38:39 +0530
  [1m[36mActiveRecord::SchemaMigration Load (0.4ms)[0m  [1m[34mSELECT "schema_migrations"."version" FROM "schema_migrations" ORDER BY "schema_migrations"."version" ASC /*application='SnakeWaterGun'*/[0m
Processing by RoundsController#new as HTML
Completed 401 Unauthorized in 16ms (ActiveRecord: 0.0ms (0 queries, 0 cached) | GC: 0.0ms)


Started GET "/users/sign_in" for ::1 at 2025-08-21 17:38:39 +0530
Processing by Devise::SessionsController#new as HTML
  Rendering layout layouts/application.html.erb
  Rendering /home/nitesh/.rvm/gems/ruby-3.3.0/gems/devise-4.9.4/app/views/devise/sessions/new.html.erb within layouts/application
  Rendered /home/nitesh/.rvm/gems/ruby-3.3.0/gems/devise-4.9.4/app/views/devise/shared/_links.html.erb (Duration: 3.4ms | GC: 0.0ms)
  Rendered /home/nitesh/.rvm/gems/ruby-3.3.0/gems/devise-4.9.4/app/views/devise/sessions/new.html.erb within layouts/application (Duration: 10.7ms | GC: 0.3ms)
  Rendered layout layouts/application.html.erb (Duration: 16.5ms | GC: 0.6ms)
Completed 200 OK in 45ms (Views: 22.3ms | ActiveRecord: 3.0ms (0 queries, 0 cached) | GC: 3.0ms)


Started GET "/" for ::1 at 2025-08-21 17:38:44 +0530
Processing by RoundsController#new as HTML
Completed 401 Unauthorized in 4ms (ActiveRecord: 0.0ms (0 queries, 0 cached) | GC: 0.0ms)


Started GET "/users/sign_in" for ::1 at 2025-08-21 17:38:44 +0530
Processing by Devise::SessionsController#new as HTML
  Rendering layout layouts/application.html.erb
  Rendering /home/nitesh/.rvm/gems/ruby-3.3.0/gems/devise-4.9.4/app/views/devise/sessions/new.html.erb within layouts/application
  Rendered /home/nitesh/.rvm/gems/ruby-3.3.0/gems/devise-4.9.4/app/views/devise/shared/_links.html.erb (Duration: 0.6ms | GC: 0.0ms)
  Rendered /home/nitesh/.rvm/gems/ruby-3.3.0/gems/devise-4.9.4/app/views/devise/sessions/new.html.erb within layouts/application (Duration: 7.9ms | GC: 0.0ms)
  Rendered layout layouts/application.html.erb (Duration: 9.6ms | GC: 0.0ms)
Completed 200 OK in 16ms (Views: 10.3ms | ActiveRecord: 0.0ms (0 queries, 0 cached) | GC: 0.0ms)


Started GET "/rounds" for ::1 at 2025-08-21 17:38:46 +0530
Processing by RoundsController#index as HTML
Completed 401 Unauthorized in 5ms (ActiveRecord: 0.0ms (0 queries, 0 cached) | GC: 0.0ms)


Started GET "/users/sign_in" for ::1 at 2025-08-21 17:38:46 +0530
Processing by Devise::SessionsController#new as HTML
  Rendering layout layouts/application.html.erb
  Rendering /home/nitesh/.rvm/gems/ruby-3.3.0/gems/devise-4.9.4/app/views/devise/sessions/new.html.erb within layouts/application
  Rendered /home/nitesh/.rvm/gems/ruby-3.3.0/gems/devise-4.9.4/app/views/devise/shared/_links.html.erb (Duration: 0.1ms | GC: 0.0ms)
  Rendered /home/nitesh/.rvm/gems/ruby-3.3.0/gems/devise-4.9.4/app/views/devise/sessions/new.html.erb within layouts/application (Duration: 2.5ms | GC: 0.0ms)
  Rendered layout layouts/application.html.erb (Duration: 4.1ms | GC: 0.0ms)
Completed 200 OK in 11ms (Views: 4.7ms | ActiveRecord: 0.0ms (0 queries, 0 cached) | GC: 0.0ms)


Started GET "/users/sign_up" for ::1 at 2025-08-21 17:38:48 +0530
Processing by Devise::RegistrationsController#new as HTML
  Rendering layout layouts/application.html.erb
  Rendering /home/nitesh/.rvm/gems/ruby-3.3.0/gems/devise-4.9.4/app/views/devise/registrations/new.html.erb within layouts/application
  Rendered /home/nitesh/.rvm/gems/ruby-3.3.0/gems/devise-4.9.4/app/views/devise/shared/_error_messages.html.erb (Duration: 0.3ms | GC: 0.0ms)
  Rendered /home/nitesh/.rvm/gems/ruby-3.3.0/gems/devise-4.9.4/app/views/devise/shared/_links.html.erb (Duration: 0.1ms | GC: 0.0ms)
  Rendered /home/nitesh/.rvm/gems/ruby-3.3.0/gems/devise-4.9.4/app/views/devise/registrations/new.html.erb within layouts/application (Duration: 3.3ms | GC: 0.4ms)
  Rendered layout layouts/application.html.erb (Duration: 6.5ms | GC: 0.4ms)
Completed 200 OK in 17ms (Views: 7.5ms | ActiveRecord: 0.0ms (0 queries, 0 cached) | GC: 0.4ms)


Started GET "/users/sign_up" for ::1 at 2025-08-21 17:39:52 +0530
Processing by Devise::RegistrationsController#new as HTML
  Rendering layout layouts/application.html.erb
  Rendering /home/nitesh/.rvm/gems/ruby-3.3.0/gems/devise-4.9.4/app/views/devise/registrations/new.html.erb within layouts/application
  Rendered /home/nitesh/.rvm/gems/ruby-3.3.0/gems/devise-4.9.4/app/views/devise/shared/_error_messages.html.erb (Duration: 0.6ms | GC: 0.0ms)
  Rendered /home/nitesh/.rvm/gems/ruby-3.3.0/gems/devise-4.9.4/app/views/devise/shared/_links.html.erb (Duration: 1.2ms | GC: 0.0ms)
  Rendered /home/nitesh/.rvm/gems/ruby-3.3.0/gems/devise-4.9.4/app/views/devise/registrations/new.html.erb within layouts/application (Duration: 12.2ms | GC: 0.0ms)
  Rendered layout layouts/application.html.erb (Duration: 14.8ms | GC: 0.0ms)
Completed 200 OK in 43ms (Views: 16.8ms | ActiveRecord: 6.3ms (0 queries, 0 cached) | GC: 0.0ms)


Started GET "/users/sign_up" for ::1 at 2025-08-21 17:40:01 +0530
Processing by Devise::RegistrationsController#new as HTML
  Rendering layout layouts/application.html.erb
  Rendering /home/nitesh/.rvm/gems/ruby-3.3.0/gems/devise-4.9.4/app/views/devise/registrations/new.html.erb within layouts/application
  Rendered /home/nitesh/.rvm/gems/ruby-3.3.0/gems/devise-4.9.4/app/views/devise/shared/_error_messages.html.erb (Duration: 0.1ms | GC: 0.0ms)
  Rendered /home/nitesh/.rvm/gems/ruby-3.3.0/gems/devise-4.9.4/app/views/devise/shared/_links.html.erb (Duration: 0.2ms | GC: 0.0ms)
  Rendered /home/nitesh/.rvm/gems/ruby-3.3.0/gems/devise-4.9.4/app/views/devise/registrations/new.html.erb within layouts/application (Duration: 4.5ms | GC: 0.0ms)
  Rendered layout layouts/application.html.erb (Duration: 5.7ms | GC: 0.0ms)
Completed 200 OK in 13ms (Views: 6.8ms | ActiveRecord: 0.0ms (0 queries, 0 cached) | GC: 0.0ms)


Started POST "/users" for ::1 at 2025-08-21 17:40:15 +0530
Processing by Devise::RegistrationsController#create as HTML
  Parameters: {"authenticity_token"=>"[FILTERED]", "user"=>{"email"=>"[FILTERED]", "password"=>"[FILTERED]", "password_confirmation"=>"[FILTERED]"}, "commit"=>"Sign up"}
  [1m[36mTRANSACTION (0.3ms)[0m  [1m[35mBEGIN immediate TRANSACTION /*action='create',application='SnakeWaterGun',controller='registrations'*/[0m
  [1m[36mUser Exists? (1.7ms)[0m  [1m[34mSELECT 1 AS one FROM "users" WHERE "users"."email" = 'nitesh.krjs@gmail.com' LIMIT 1 /*action='create',application='SnakeWaterGun',controller='registrations'*/[0m
  [1m[36mUser Create (0.1ms)[0m  [1m[32mINSERT INTO "users" ("email", "encrypted_password", "reset_password_token", "reset_password_sent_at", "remember_created_at", "created_at", "updated_at") VALUES ('nitesh.krjs@gmail.com', '$2a$12$xK1anKnEkXNenOEfURiC7O3RU645uPTBGs9f57HjTsM7wLhI9098i', NULL, NULL, NULL, '2025-08-21 12:10:15.294088', '2025-08-21 12:10:15.294088') RETURNING "id" /*action='create',application='SnakeWaterGun',controller='registrations'*/[0m
  [1m[36mTRANSACTION (13.2ms)[0m  [1m[35mCOMMIT TRANSACTION /*action='create',application='SnakeWaterGun',controller='registrations'*/[0m
Redirected to http://localhost:3000/rounds
Completed 303 See Other in 236ms (ActiveRecord: 15.4ms (2 queries, 0 cached) | GC: 0.5ms)


Started GET "/rounds" for ::1 at 2025-08-21 17:40:15 +0530
Processing by RoundsController#index as HTML
  [1m[36mUser Load (0.4ms)[0m  [1m[34mSELECT "users".* FROM "users" WHERE "users"."id" = 1 ORDER BY "users"."id" ASC LIMIT 1 /*action='index',application='SnakeWaterGun',controller='rounds'*/[0m
  [1m[36mRound Count (0.0ms)[0m  [1m[34mSELECT COUNT(*) AS "count_all", "rounds"."result" AS "rounds_result" FROM "rounds" GROUP BY "rounds"."result" /*action='index',application='SnakeWaterGun',controller='rounds'*/[0m
  ↳ app/controllers/rounds_controller.rb:43:in `index'
  [1m[36mRound Count (0.0ms)[0m  [1m[34mSELECT COUNT(*) AS "count_all", "rounds"."player_choice" AS "rounds_player_choice" FROM "rounds" GROUP BY "rounds"."player_choice" /*action='index',application='SnakeWaterGun',controller='rounds'*/[0m
  ↳ app/controllers/rounds_controller.rb:45:in `index'
  Rendering layout layouts/application.html.erb
  Rendering rounds/index.html.erb within layouts/application
  [1m[36mRound Load (0.1ms)[0m  [1m[34mSELECT "rounds".* FROM "rounds" ORDER BY "rounds"."created_at" DESC LIMIT 20 /*action='index',application='SnakeWaterGun',controller='rounds'*/[0m
  ↳ app/views/rounds/index.html.erb:32:in `each_with_index'
  Rendered rounds/index.html.erb within layouts/application (Duration: 2.4ms | GC: 0.0ms)
  Rendered layout layouts/application.html.erb (Duration: 4.6ms | GC: 0.0ms)
Completed 200 OK in 27ms (Views: 6.1ms | ActiveRecord: 0.7ms (4 queries, 0 cached) | GC: 0.6ms)


Started GET "/" for ::1 at 2025-08-21 17:40:18 +0530
Processing by RoundsController#new as HTML
  [1m[36mUser Load (0.1ms)[0m  [1m[34mSELECT "users".* FROM "users" WHERE "users"."id" = 1 ORDER BY "users"."id" ASC LIMIT 1 /*action='new',application='SnakeWaterGun',controller='rounds'*/[0m
  Rendering layout layouts/application.html.erb
  Rendering rounds/new.html.erb within layouts/application
  Rendered rounds/new.html.erb within layouts/application (Duration: 1.4ms | GC: 0.0ms)
  Rendered layout layouts/application.html.erb (Duration: 2.6ms | GC: 0.0ms)
Completed 200 OK in 37ms (Views: 2.8ms | ActiveRecord: 0.3ms (1 query, 0 cached) | GC: 14.4ms)


Started POST "/rounds" for ::1 at 2025-08-21 17:40:27 +0530
Processing by RoundsController#create as HTML
  Parameters: {"authenticity_token"=>"[FILTERED]", "choice"=>"gun"}
  [1m[36mUser Load (0.6ms)[0m  [1m[34mSELECT "users".* FROM "users" WHERE "users"."id" = 1 ORDER BY "users"."id" ASC LIMIT 1 /*action='create',application='SnakeWaterGun',controller='rounds'*/[0m
  [1m[36mTRANSACTION (0.1ms)[0m  [1m[35mBEGIN immediate TRANSACTION /*action='create',application='SnakeWaterGun',controller='rounds'*/[0m
  ↳ app/controllers/rounds_controller.rb:22:in `create'
  [1m[36mRound Create (0.9ms)[0m  [1m[32mINSERT INTO "rounds" ("player_choice", "computer_choice", "result", "created_at", "updated_at", "user_id") VALUES ('gun', 'snake', 'Win', '2025-08-21 12:10:27.202298', '2025-08-21 12:10:27.202298', 1) RETURNING "id" /*action='create',application='SnakeWaterGun',controller='rounds'*/[0m
  ↳ app/controllers/rounds_controller.rb:22:in `create'
  [1m[36mTRANSACTION (0.1ms)[0m  [1m[35mCOMMIT TRANSACTION /*action='create',application='SnakeWaterGun',controller='rounds'*/[0m
  ↳ app/controllers/rounds_controller.rb:22:in `create'
Redirected to http://localhost:3000/rounds/1
Completed 302 Found in 48ms (ActiveRecord: 1.2ms (2 queries, 0 cached) | GC: 0.7ms)


Started GET "/rounds/1" for ::1 at 2025-08-21 17:40:27 +0530
Processing by RoundsController#show as HTML
  Parameters: {"id"=>"1"}
  [1m[36mUser Load (0.2ms)[0m  [1m[34mSELECT "users".* FROM "users" WHERE "users"."id" = 1 ORDER BY "users"."id" ASC LIMIT 1 /*action='show',application='SnakeWaterGun',controller='rounds'*/[0m
  [1m[36mRound Load (0.1ms)[0m  [1m[34mSELECT "rounds".* FROM "rounds" WHERE "rounds"."id" = 1 LIMIT 1 /*action='show',application='SnakeWaterGun',controller='rounds'*/[0m
  ↳ app/controllers/rounds_controller.rb:37:in `show'
  Rendering layout layouts/application.html.erb
  Rendering rounds/show.html.erb within layouts/application
  Rendered rounds/show.html.erb within layouts/application (Duration: 0.3ms | GC: 0.0ms)
  Rendered layout layouts/application.html.erb (Duration: 1.1ms | GC: 0.0ms)
Completed 200 OK in 11ms (Views: 2.0ms | ActiveRecord: 0.3ms (2 queries, 0 cached) | GC: 0.3ms)


Started GET "/" for ::1 at 2025-08-21 17:40:43 +0530
Processing by RoundsController#new as HTML
  [1m[36mUser Load (0.1ms)[0m  [1m[34mSELECT "users".* FROM "users" WHERE "users"."id" = 1 ORDER BY "users"."id" ASC LIMIT 1 /*action='new',application='SnakeWaterGun',controller='rounds'*/[0m
  Rendering layout layouts/application.html.erb
  Rendering rounds/new.html.erb within layouts/application
  Rendered rounds/new.html.erb within layouts/application (Duration: 0.2ms | GC: 0.0ms)
  Rendered layout layouts/application.html.erb (Duration: 1.0ms | GC: 0.0ms)
Completed 200 OK in 10ms (Views: 1.2ms | ActiveRecord: 0.1ms (1 query, 0 cached) | GC: 0.0ms)


Started POST "/rounds" for ::1 at 2025-08-21 17:41:14 +0530
Processing by RoundsController#create as HTML
  Parameters: {"authenticity_token"=>"[FILTERED]", "choice"=>"water"}
  [1m[36mUser Load (0.1ms)[0m  [1m[34mSELECT "users".* FROM "users" WHERE "users"."id" = 1 ORDER BY "users"."id" ASC LIMIT 1 /*action='create',application='SnakeWaterGun',controller='rounds'*/[0m
  [1m[36mTRANSACTION (0.0ms)[0m  [1m[35mBEGIN immediate TRANSACTION /*action='create',application='SnakeWaterGun',controller='rounds'*/[0m
  ↳ app/controllers/rounds_controller.rb:22:in `create'
  [1m[36mRound Create (1.1ms)[0m  [1m[32mINSERT INTO "rounds" ("player_choice", "computer_choice", "result", "created_at", "updated_at", "user_id") VALUES ('water', 'water', 'Draw', '2025-08-21 12:11:14.276132', '2025-08-21 12:11:14.276132', 1) RETURNING "id" /*action='create',application='SnakeWaterGun',controller='rounds'*/[0m
  ↳ app/controllers/rounds_controller.rb:22:in `create'
  [1m[36mTRANSACTION (0.1ms)[0m  [1m[35mCOMMIT TRANSACTION /*action='create',application='SnakeWaterGun',controller='rounds'*/[0m
  ↳ app/controllers/rounds_controller.rb:22:in `create'
Redirected to http://localhost:3000/rounds/2
Completed 302 Found in 23ms (ActiveRecord: 1.4ms (2 queries, 0 cached) | GC: 8.4ms)


Started GET "/rounds/2" for ::1 at 2025-08-21 17:41:14 +0530
Processing by RoundsController#show as HTML
  Parameters: {"id"=>"2"}
  [1m[36mUser Load (0.1ms)[0m  [1m[34mSELECT "users".* FROM "users" WHERE "users"."id" = 1 ORDER BY "users"."id" ASC LIMIT 1 /*action='show',application='SnakeWaterGun',controller='rounds'*/[0m
  [1m[36mRound Load (0.4ms)[0m  [1m[34mSELECT "rounds".* FROM "rounds" WHERE "rounds"."id" = 2 LIMIT 1 /*action='show',application='SnakeWaterGun',controller='rounds'*/[0m
  ↳ app/controllers/rounds_controller.rb:37:in `show'
  Rendering layout layouts/application.html.erb
  Rendering rounds/show.html.erb within layouts/application
  Rendered rounds/show.html.erb within layouts/application (Duration: 1.3ms | GC: 0.0ms)
  Rendered layout layouts/application.html.erb (Duration: 3.1ms | GC: 0.0ms)
Completed 200 OK in 19ms (Views: 3.6ms | ActiveRecord: 0.4ms (2 queries, 0 cached) | GC: 0.3ms)


Started GET "/" for ::1 at 2025-08-21 17:41:20 +0530
Processing by RoundsController#new as HTML
  [1m[36mUser Load (0.1ms)[0m  [1m[34mSELECT "users".* FROM "users" WHERE "users"."id" = 1 ORDER BY "users"."id" ASC LIMIT 1 /*action='new',application='SnakeWaterGun',controller='rounds'*/[0m
  Rendering layout layouts/application.html.erb
  Rendering rounds/new.html.erb within layouts/application
  Rendered rounds/new.html.erb within layouts/application (Duration: 0.3ms | GC: 0.0ms)
  Rendered layout layouts/application.html.erb (Duration: 1.8ms | GC: 0.5ms)
Completed 200 OK in 11ms (Views: 3.3ms | ActiveRecord: 0.1ms (1 query, 0 cached) | GC: 0.5ms)


Started POST "/rounds" for ::1 at 2025-08-21 17:41:22 +0530
Processing by RoundsController#create as HTML
  Parameters: {"authenticity_token"=>"[FILTERED]", "choice"=>"water"}
  [1m[36mUser Load (0.1ms)[0m  [1m[34mSELECT "users".* FROM "users" WHERE "users"."id" = 1 ORDER BY "users"."id" ASC LIMIT 1 /*action='create',application='SnakeWaterGun',controller='rounds'*/[0m
  [1m[36mTRANSACTION (0.0ms)[0m  [1m[35mBEGIN immediate TRANSACTION /*action='create',application='SnakeWaterGun',controller='rounds'*/[0m
  ↳ app/controllers/rounds_controller.rb:22:in `create'
  [1m[36mRound Create (0.5ms)[0m  [1m[32mINSERT INTO "rounds" ("player_choice", "computer_choice", "result", "created_at", "updated_at", "user_id") VALUES ('water', 'water', 'Draw', '2025-08-21 12:11:22.303819', '2025-08-21 12:11:22.303819', 1) RETURNING "id" /*action='create',application='SnakeWaterGun',controller='rounds'*/[0m
  ↳ app/controllers/rounds_controller.rb:22:in `create'
  [1m[36mTRANSACTION (0.1ms)[0m  [1m[35mCOMMIT TRANSACTION /*action='create',application='SnakeWaterGun',controller='rounds'*/[0m
  ↳ app/controllers/rounds_controller.rb:22:in `create'
Redirected to http://localhost:3000/rounds/3
Completed 302 Found in 11ms (ActiveRecord: 0.7ms (2 queries, 0 cached) | GC: 0.6ms)


Started GET "/rounds/3" for ::1 at 2025-08-21 17:41:22 +0530
Processing by RoundsController#show as HTML
  Parameters: {"id"=>"3"}
  [1m[36mUser Load (0.1ms)[0m  [1m[34mSELECT "users".* FROM "users" WHERE "users"."id" = 1 ORDER BY "users"."id" ASC LIMIT 1 /*action='show',application='SnakeWaterGun',controller='rounds'*/[0m
  [1m[36mRound Load (0.1ms)[0m  [1m[34mSELECT "rounds".* FROM "rounds" WHERE "rounds"."id" = 3 LIMIT 1 /*action='show',application='SnakeWaterGun',controller='rounds'*/[0m
  ↳ app/controllers/rounds_controller.rb:37:in `show'
  Rendering layout layouts/application.html.erb
  Rendering rounds/show.html.erb within layouts/application
  Rendered rounds/show.html.erb within layouts/application (Duration: 0.1ms | GC: 0.0ms)
  Rendered layout layouts/application.html.erb (Duration: 0.8ms | GC: 0.0ms)
Completed 200 OK in 8ms (Views: 1.0ms | ActiveRecord: 0.1ms (2 queries, 0 cached) | GC: 0.0ms)


Started GET "/" for ::1 at 2025-08-21 17:41:24 +0530
Processing by RoundsController#new as HTML
  [1m[36mUser Load (0.1ms)[0m  [1m[34mSELECT "users".* FROM "users" WHERE "users"."id" = 1 ORDER BY "users"."id" ASC LIMIT 1 /*action='new',application='SnakeWaterGun',controller='rounds'*/[0m
  Rendering layout layouts/application.html.erb
  Rendering rounds/new.html.erb within layouts/application
  Rendered rounds/new.html.erb within layouts/application (Duration: 0.3ms | GC: 0.0ms)
  Rendered layout layouts/application.html.erb (Duration: 0.6ms | GC: 0.0ms)
Completed 200 OK in 7ms (Views: 0.8ms | ActiveRecord: 0.1ms (1 query, 0 cached) | GC: 0.0ms)


Started POST "/rounds" for ::1 at 2025-08-21 17:41:26 +0530
Processing by RoundsController#create as HTML
  Parameters: {"authenticity_token"=>"[FILTERED]", "choice"=>"snake"}
  [1m[36mUser Load (0.1ms)[0m  [1m[34mSELECT "users".* FROM "users" WHERE "users"."id" = 1 ORDER BY "users"."id" ASC LIMIT 1 /*action='create',application='SnakeWaterGun',controller='rounds'*/[0m
  [1m[36mTRANSACTION (0.0ms)[0m  [1m[35mBEGIN immediate TRANSACTION /*action='create',application='SnakeWaterGun',controller='rounds'*/[0m
  ↳ app/controllers/rounds_controller.rb:22:in `create'
  [1m[36mRound Create (0.6ms)[0m  [1m[32mINSERT INTO "rounds" ("player_choice", "computer_choice", "result", "created_at", "updated_at", "user_id") VALUES ('snake', 'snake', 'Draw', '2025-08-21 12:11:26.592864', '2025-08-21 12:11:26.592864', 1) RETURNING "id" /*action='create',application='SnakeWaterGun',controller='rounds'*/[0m
  ↳ app/controllers/rounds_controller.rb:22:in `create'
  [1m[36mTRANSACTION (0.1ms)[0m  [1m[35mCOMMIT TRANSACTION /*action='create',application='SnakeWaterGun',controller='rounds'*/[0m
  ↳ app/controllers/rounds_controller.rb:22:in `create'
Redirected to http://localhost:3000/rounds/4
Completed 302 Found in 14ms (ActiveRecord: 0.8ms (2 queries, 0 cached) | GC: 0.3ms)


Started GET "/rounds/4" for ::1 at 2025-08-21 17:41:26 +0530
Processing by RoundsController#show as HTML
  Parameters: {"id"=>"4"}
  [1m[36mUser Load (0.1ms)[0m  [1m[34mSELECT "users".* FROM "users" WHERE "users"."id" = 1 ORDER BY "users"."id" ASC LIMIT 1 /*action='show',application='SnakeWaterGun',controller='rounds'*/[0m
  [1m[36mRound Load (0.0ms)[0m  [1m[34mSELECT "rounds".* FROM "rounds" WHERE "rounds"."id" = 4 LIMIT 1 /*action='show',application='SnakeWaterGun',controller='rounds'*/[0m
  ↳ app/controllers/rounds_controller.rb:37:in `show'
  Rendering layout layouts/application.html.erb
  Rendering rounds/show.html.erb within layouts/application
  Rendered rounds/show.html.erb within layouts/application (Duration: 0.1ms | GC: 0.0ms)
  Rendered layout layouts/application.html.erb (Duration: 7.5ms | GC: 0.0ms)
Completed 200 OK in 14ms (Views: 8.3ms | ActiveRecord: 0.1ms (2 queries, 0 cached) | GC: 0.2ms)


Started GET "/" for ::1 at 2025-08-21 17:41:28 +0530
Processing by RoundsController#new as HTML
  [1m[36mUser Load (0.1ms)[0m  [1m[34mSELECT "users".* FROM "users" WHERE "users"."id" = 1 ORDER BY "users"."id" ASC LIMIT 1 /*action='new',application='SnakeWaterGun',controller='rounds'*/[0m
  Rendering layout layouts/application.html.erb
  Rendering rounds/new.html.erb within layouts/application
  Rendered rounds/new.html.erb within layouts/application (Duration: 0.3ms | GC: 0.0ms)
  Rendered layout layouts/application.html.erb (Duration: 2.0ms | GC: 0.0ms)
Completed 200 OK in 9ms (Views: 2.3ms | ActiveRecord: 0.1ms (1 query, 0 cached) | GC: 0.0ms)


Started POST "/rounds" for ::1 at 2025-08-21 17:41:29 +0530
Processing by RoundsController#create as HTML
  Parameters: {"authenticity_token"=>"[FILTERED]", "choice"=>"gun"}
  [1m[36mUser Load (0.1ms)[0m  [1m[34mSELECT "users".* FROM "users" WHERE "users"."id" = 1 ORDER BY "users"."id" ASC LIMIT 1 /*action='create',application='SnakeWaterGun',controller='rounds'*/[0m
  [1m[36mTRANSACTION (0.0ms)[0m  [1m[35mBEGIN immediate TRANSACTION /*action='create',application='SnakeWaterGun',controller='rounds'*/[0m
  ↳ app/controllers/rounds_controller.rb:22:in `create'
  [1m[36mRound Create (1.0ms)[0m  [1m[32mINSERT INTO "rounds" ("player_choice", "computer_choice", "result", "created_at", "updated_at", "user_id") VALUES ('gun', 'snake', 'Win', '2025-08-21 12:11:29.861587', '2025-08-21 12:11:29.861587', 1) RETURNING "id" /*action='create',application='SnakeWaterGun',controller='rounds'*/[0m
  ↳ app/controllers/rounds_controller.rb:22:in `create'
  [1m[36mTRANSACTION (0.1ms)[0m  [1m[35mCOMMIT TRANSACTION /*action='create',application='SnakeWaterGun',controller='rounds'*/[0m
  ↳ app/controllers/rounds_controller.rb:22:in `create'
Redirected to http://localhost:3000/rounds/5
Completed 302 Found in 15ms (ActiveRecord: 1.2ms (2 queries, 0 cached) | GC: 4.0ms)


Started GET "/rounds/5" for ::1 at 2025-08-21 17:41:29 +0530
Processing by RoundsController#show as HTML
  Parameters: {"id"=>"5"}
  [1m[36mUser Load (0.1ms)[0m  [1m[34mSELECT "users".* FROM "users" WHERE "users"."id" = 1 ORDER BY "users"."id" ASC LIMIT 1 /*action='show',application='SnakeWaterGun',controller='rounds'*/[0m
  [1m[36mRound Load (0.1ms)[0m  [1m[34mSELECT "rounds".* FROM "rounds" WHERE "rounds"."id" = 5 LIMIT 1 /*action='show',application='SnakeWaterGun',controller='rounds'*/[0m
  ↳ app/controllers/rounds_controller.rb:37:in `show'
  Rendering layout layouts/application.html.erb
  Rendering rounds/show.html.erb within layouts/application
  Rendered rounds/show.html.erb within layouts/application (Duration: 0.1ms | GC: 0.0ms)
  Rendered layout layouts/application.html.erb (Duration: 0.4ms | GC: 0.0ms)
Completed 200 OK in 7ms (Views: 0.6ms | ActiveRecord: 0.2ms (2 queries, 0 cached) | GC: 0.0ms)


Started GET "/" for ::1 at 2025-08-21 17:41:33 +0530
Processing by RoundsController#new as HTML
  [1m[36mUser Load (0.1ms)[0m  [1m[34mSELECT "users".* FROM "users" WHERE "users"."id" = 1 ORDER BY "users"."id" ASC LIMIT 1 /*action='new',application='SnakeWaterGun',controller='rounds'*/[0m
  Rendering layout layouts/application.html.erb
  Rendering rounds/new.html.erb within layouts/application
  Rendered rounds/new.html.erb within layouts/application (Duration: 1.2ms | GC: 0.0ms)
  Rendered layout layouts/application.html.erb (Duration: 2.6ms | GC: 0.0ms)
Completed 200 OK in 8ms (Views: 2.8ms | ActiveRecord: 0.1ms (1 query, 0 cached) | GC: 0.0ms)


Started POST "/rounds" for ::1 at 2025-08-21 17:41:34 +0530
Processing by RoundsController#create as HTML
  Parameters: {"authenticity_token"=>"[FILTERED]", "choice"=>"gun"}
  [1m[36mUser Load (0.1ms)[0m  [1m[34mSELECT "users".* FROM "users" WHERE "users"."id" = 1 ORDER BY "users"."id" ASC LIMIT 1 /*action='create',application='SnakeWaterGun',controller='rounds'*/[0m
  [1m[36mTRANSACTION (0.0ms)[0m  [1m[35mBEGIN immediate TRANSACTION /*action='create',application='SnakeWaterGun',controller='rounds'*/[0m
  ↳ app/controllers/rounds_controller.rb:22:in `create'
  [1m[36mRound Create (0.8ms)[0m  [1m[32mINSERT INTO "rounds" ("player_choice", "computer_choice", "result", "created_at", "updated_at", "user_id") VALUES ('gun', 'water', 'Lose', '2025-08-21 12:11:34.614202', '2025-08-21 12:11:34.614202', 1) RETURNING "id" /*action='create',application='SnakeWaterGun',controller='rounds'*/[0m
  ↳ app/controllers/rounds_controller.rb:22:in `create'
  [1m[36mTRANSACTION (0.0ms)[0m  [1m[35mCOMMIT TRANSACTION /*action='create',application='SnakeWaterGun',controller='rounds'*/[0m
  ↳ app/controllers/rounds_controller.rb:22:in `create'
Redirected to http://localhost:3000/rounds/6
Completed 302 Found in 11ms (ActiveRecord: 1.0ms (2 queries, 0 cached) | GC: 0.3ms)


Started GET "/rounds/6" for ::1 at 2025-08-21 17:41:34 +0530
Processing by RoundsController#show as HTML
  Parameters: {"id"=>"6"}
  [1m[36mUser Load (0.1ms)[0m  [1m[34mSELECT "users".* FROM "users" WHERE "users"."id" = 1 ORDER BY "users"."id" ASC LIMIT 1 /*action='show',application='SnakeWaterGun',controller='rounds'*/[0m
  [1m[36mRound Load (0.1ms)[0m  [1m[34mSELECT "rounds".* FROM "rounds" WHERE "rounds"."id" = 6 LIMIT 1 /*action='show',application='SnakeWaterGun',controller='rounds'*/[0m
  ↳ app/controllers/rounds_controller.rb:37:in `show'
  Rendering layout layouts/application.html.erb
  Rendering rounds/show.html.erb within layouts/application
  Rendered rounds/show.html.erb within layouts/application (Duration: 0.1ms | GC: 0.0ms)
  Rendered layout layouts/application.html.erb (Duration: 0.4ms | GC: 0.0ms)
Completed 200 OK in 7ms (Views: 0.7ms | ActiveRecord: 0.1ms (2 queries, 0 cached) | GC: 0.0ms)


Started GET "/rounds" for ::1 at 2025-08-21 17:41:41 +0530
Processing by RoundsController#index as HTML
  [1m[36mUser Load (0.1ms)[0m  [1m[34mSELECT "users".* FROM "users" WHERE "users"."id" = 1 ORDER BY "users"."id" ASC LIMIT 1 /*action='index',application='SnakeWaterGun',controller='rounds'*/[0m
  [1m[36mRound Count (0.1ms)[0m  [1m[34mSELECT COUNT(*) AS "count_all", "rounds"."result" AS "rounds_result" FROM "rounds" GROUP BY "rounds"."result" /*action='index',application='SnakeWaterGun',controller='rounds'*/[0m
  ↳ app/controllers/rounds_controller.rb:43:in `index'
  [1m[36mRound Count (0.0ms)[0m  [1m[34mSELECT COUNT(*) AS "count_all", "rounds"."player_choice" AS "rounds_player_choice" FROM "rounds" GROUP BY "rounds"."player_choice" /*action='index',application='SnakeWaterGun',controller='rounds'*/[0m
  ↳ app/controllers/rounds_controller.rb:45:in `index'
  Rendering layout layouts/application.html.erb
  Rendering rounds/index.html.erb within layouts/application
  [1m[36mRound Load (0.1ms)[0m  [1m[34mSELECT "rounds".* FROM "rounds" ORDER BY "rounds"."created_at" DESC LIMIT 20 /*action='index',application='SnakeWaterGun',controller='rounds'*/[0m
  ↳ app/views/rounds/index.html.erb:32:in `each_with_index'
  Rendered rounds/index.html.erb within layouts/application (Duration: 3.4ms | GC: 0.0ms)
  Rendered layout layouts/application.html.erb (Duration: 4.6ms | GC: 0.0ms)
Completed 200 OK in 25ms (Views: 5.4ms | ActiveRecord: 0.3ms (4 queries, 0 cached) | GC: 2.0ms)


Started GET "/users/sign_out" for ::1 at 2025-08-21 17:41:49 +0530
  
ActionController::RoutingError (No route matches [GET] "/users/sign_out"):
  
Started GET "/users/sign_out" for ::1 at 2025-08-21 17:42:51 +0530
  
ActionController::RoutingError (No route matches [GET] "/users/sign_out"):
  
Started GET "/users/sign_out" for ::1 at 2025-08-21 17:43:23 +0530
  
ActionController::RoutingError (No route matches [GET] "/users/sign_out"):
  
Started GET "/users/sign_out" for ::1 at 2025-08-21 17:43:27 +0530
  
ActionController::RoutingError (No route matches [GET] "/users/sign_out"):
  
Started GET "/users/sign_out" for ::1 at 2025-08-21 17:43:46 +0530
  
ActionController::RoutingError (No route matches [GET] "/users/sign_out"):
  
Started GET "/users/sign_out" for ::1 at 2025-08-21 17:43:48 +0530
  
ActionController::RoutingError (No route matches [GET] "/users/sign_out"):
  
Started GET "/users/sign_out" for ::1 at 2025-08-21 17:46:54 +0530
  
ActionController::RoutingError (No route matches [GET] "/users/sign_out"):
  
Started GET "/users/sign_out" for ::1 at 2025-08-21 17:46:58 +0530
  
ActionController::RoutingError (No route matches [GET] "/users/sign_out"):
  
Started GET "/users/sign_out" for ::1 at 2025-08-21 17:47:02 +0530
  
ActionController::RoutingError (No route matches [GET] "/users/sign_out"):
  
Started GET "/users/sign_out" for ::1 at 2025-08-21 17:49:04 +0530
  
ActionController::RoutingError (No route matches [GET] "/users/sign_out"):
  
Started GET "/users/sign_out" for ::1 at 2025-08-21 17:53:57 +0530
  
ActionController::RoutingError (No route matches [GET] "/users/sign_out"):
  
Started GET "/users/sign_out" for ::1 at 2025-08-21 17:55:46 +0530
  
ActionController::RoutingError (No route matches [GET] "/users/sign_out"):
  
Started GET "/rounds" for ::1 at 2025-08-21 17:55:52 +0530
Processing by RoundsController#index as HTML
  [1m[36mUser Load (0.1ms)[0m  [1m[34mSELECT "users".* FROM "users" WHERE "users"."id" = 1 ORDER BY "users"."id" ASC LIMIT 1 /*action='index',application='SnakeWaterGun',controller='rounds'*/[0m
  [1m[36mRound Count (0.1ms)[0m  [1m[34mSELECT COUNT(*) AS "count_all", "rounds"."result" AS "rounds_result" FROM "rounds" GROUP BY "rounds"."result" /*action='index',application='SnakeWaterGun',controller='rounds'*/[0m
  ↳ app/controllers/rounds_controller.rb:43:in `index'
  [1m[36mRound Count (0.0ms)[0m  [1m[34mSELECT COUNT(*) AS "count_all", "rounds"."player_choice" AS "rounds_player_choice" FROM "rounds" GROUP BY "rounds"."player_choice" /*action='index',application='SnakeWaterGun',controller='rounds'*/[0m
  ↳ app/controllers/rounds_controller.rb:45:in `index'
  Rendering layout layouts/application.html.erb
  Rendering rounds/index.html.erb within layouts/application
  [1m[36mRound Load (0.3ms)[0m  [1m[34mSELECT "rounds".* FROM "rounds" ORDER BY "rounds"."created_at" DESC LIMIT 20 /*action='index',application='SnakeWaterGun',controller='rounds'*/[0m
  ↳ app/views/rounds/index.html.erb:32:in `each_with_index'
  Rendered rounds/index.html.erb within layouts/application (Duration: 6.5ms | GC: 0.1ms)
  Rendered layout layouts/application.html.erb (Duration: 12.2ms | GC: 0.5ms)
Completed 200 OK in 55ms (Views: 14.2ms | ActiveRecord: 2.1ms (4 queries, 0 cached) | GC: 0.9ms)


Started POST "/users/sign_out" for ::1 at 2025-08-21 17:55:54 +0530
  
ActionController::RoutingError (No route matches [POST] "/users/sign_out"):
  
Started GET "/" for ::1 at 2025-08-21 17:56:49 +0530
Processing by RoundsController#new as HTML
  [1m[36mUser Load (0.1ms)[0m  [1m[34mSELECT "users".* FROM "users" WHERE "users"."id" = 1 ORDER BY "users"."id" ASC LIMIT 1 /*action='new',application='SnakeWaterGun',controller='rounds'*/[0m
  Rendering layout layouts/application.html.erb
  Rendering rounds/new.html.erb within layouts/application
  Rendered rounds/new.html.erb within layouts/application (Duration: 1.8ms | GC: 0.0ms)
  Rendered layout layouts/application.html.erb (Duration: 5.2ms | GC: 0.6ms)
Completed 200 OK in 40ms (Views: 6.9ms | ActiveRecord: 1.4ms (1 query, 0 cached) | GC: 7.0ms)


Started GET "/users/sign_out" for ::1 at 2025-08-21 17:56:54 +0530
  
ActionController::RoutingError (No route matches [GET] "/users/sign_out"):
  
Started GET "/users/sign_out" for ::1 at 2025-08-21 17:57:22 +0530
  
ActionController::RoutingError (No route matches [GET] "/users/sign_out"):
  
Started GET "/" for ::1 at 2025-08-21 17:57:27 +0530
Processing by RoundsController#new as HTML
  [1m[36mUser Load (0.1ms)[0m  [1m[34mSELECT "users".* FROM "users" WHERE "users"."id" = 1 ORDER BY "users"."id" ASC LIMIT 1 /*action='new',application='SnakeWaterGun',controller='rounds'*/[0m
  Rendering layout layouts/application.html.erb
  Rendering rounds/new.html.erb within layouts/application
  Rendered rounds/new.html.erb within layouts/application (Duration: 1.9ms | GC: 0.0ms)
  Rendered layout layouts/application.html.erb (Duration: 11.6ms | GC: 6.9ms)
Completed 200 OK in 40ms (Views: 14.4ms | ActiveRecord: 1.2ms (1 query, 0 cached) | GC: 6.9ms)


Started DELETE "/users/sign_out" for ::1 at 2025-08-21 17:57:29 +0530
Processing by Devise::SessionsController#destroy as HTML
  Parameters: {"authenticity_token"=>"[FILTERED]"}
  [1m[36mUser Load (0.1ms)[0m  [1m[34mSELECT "users".* FROM "users" WHERE "users"."id" = 1 ORDER BY "users"."id" ASC LIMIT 1 /*action='destroy',application='SnakeWaterGun',controller='sessions'*/[0m
Redirected to http://localhost:3000/
Completed 303 See Other in 31ms (ActiveRecord: 0.1ms (1 query, 0 cached) | GC: 1.3ms)


Started GET "/" for ::1 at 2025-08-21 17:57:29 +0530
Processing by RoundsController#new as HTML
Completed 401 Unauthorized in 5ms (ActiveRecord: 0.0ms (0 queries, 0 cached) | GC: 0.0ms)


Started GET "/users/sign_in" for ::1 at 2025-08-21 17:57:29 +0530
Processing by Devise::SessionsController#new as HTML
  Rendering layout layouts/application.html.erb
  Rendering /home/nitesh/.rvm/gems/ruby-3.3.0/gems/devise-4.9.4/app/views/devise/sessions/new.html.erb within layouts/application
  Rendered /home/nitesh/.rvm/gems/ruby-3.3.0/gems/devise-4.9.4/app/views/devise/shared/_links.html.erb (Duration: 1.0ms | GC: 0.0ms)
  Rendered /home/nitesh/.rvm/gems/ruby-3.3.0/gems/devise-4.9.4/app/views/devise/sessions/new.html.erb within layouts/application (Duration: 5.6ms | GC: 0.4ms)
  Rendered layout layouts/application.html.erb (Duration: 8.5ms | GC: 0.4ms)
Completed 200 OK in 16ms (Views: 11.2ms | ActiveRecord: 0.0ms (0 queries, 0 cached) | GC: 0.4ms)


Started GET "/users/sign_in" for ::1 at 2025-08-21 17:58:49 +0530
Processing by Devise::SessionsController#new as HTML
  Rendering layout layouts/application.html.erb
  Rendering /home/nitesh/.rvm/gems/ruby-3.3.0/gems/devise-4.9.4/app/views/devise/sessions/new.html.erb within layouts/application
  Rendered /home/nitesh/.rvm/gems/ruby-3.3.0/gems/devise-4.9.4/app/views/devise/shared/_links.html.erb (Duration: 0.9ms | GC: 0.0ms)
  Rendered /home/nitesh/.rvm/gems/ruby-3.3.0/gems/devise-4.9.4/app/views/devise/sessions/new.html.erb within layouts/application (Duration: 2.8ms | GC: 0.0ms)
  Rendered layout layouts/application.html.erb (Duration: 6.7ms | GC: 0.0ms)
Completed 200 OK in 19ms (Views: 9.1ms | ActiveRecord: 0.7ms (0 queries, 0 cached) | GC: 0.0ms)


Started POST "/users/sign_in" for ::1 at 2025-08-21 17:58:57 +0530
Processing by Devise::SessionsController#create as HTML
  Parameters: {"authenticity_token"=>"[FILTERED]", "user"=>{"email"=>"[FILTERED]", "password"=>"[FILTERED]", "remember_me"=>"0"}, "commit"=>"Log in"}
  [1m[36mUser Load (0.4ms)[0m  [1m[34mSELECT "users".* FROM "users" WHERE "users"."email" = 'nitesh.krjs@gmail.com' ORDER BY "users"."id" ASC LIMIT 1 /*action='create',application='SnakeWaterGun',controller='sessions'*/[0m
Redirected to http://localhost:3000/
Completed 303 See Other in 191ms (ActiveRecord: 0.4ms (1 query, 0 cached) | GC: 0.0ms)


Started GET "/" for ::1 at 2025-08-21 17:58:57 +0530
Processing by RoundsController#new as HTML
  [1m[36mUser Load (0.1ms)[0m  [1m[34mSELECT "users".* FROM "users" WHERE "users"."id" = 1 ORDER BY "users"."id" ASC LIMIT 1 /*action='new',application='SnakeWaterGun',controller='rounds'*/[0m
  Rendering layout layouts/application.html.erb
  Rendering rounds/new.html.erb within layouts/application
  Rendered rounds/new.html.erb within layouts/application (Duration: 1.1ms | GC: 0.0ms)
  Rendered layout layouts/application.html.erb (Duration: 2.6ms | GC: 0.0ms)
Completed 200 OK in 27ms (Views: 4.9ms | ActiveRecord: 0.3ms (1 query, 0 cached) | GC: 10.1ms)


Started DELETE "/users/sign_out" for ::1 at 2025-08-21 17:58:59 +0530
Processing by Devise::SessionsController#destroy as HTML
  Parameters: {"authenticity_token"=>"[FILTERED]"}
  [1m[36mUser Load (0.1ms)[0m  [1m[34mSELECT "users".* FROM "users" WHERE "users"."id" = 1 ORDER BY "users"."id" ASC LIMIT 1 /*action='destroy',application='SnakeWaterGun',controller='sessions'*/[0m
Redirected to http://localhost:3000/
Completed 303 See Other in 11ms (ActiveRecord: 0.1ms (1 query, 0 cached) | GC: 0.4ms)


Started GET "/" for ::1 at 2025-08-21 17:58:59 +0530
Processing by RoundsController#new as HTML
Completed 401 Unauthorized in 4ms (ActiveRecord: 0.0ms (0 queries, 0 cached) | GC: 0.0ms)


Started GET "/users/sign_in" for ::1 at 2025-08-21 17:58:59 +0530
Processing by Devise::SessionsController#new as HTML
  Rendering layout layouts/application.html.erb
  Rendering /home/nitesh/.rvm/gems/ruby-3.3.0/gems/devise-4.9.4/app/views/devise/sessions/new.html.erb within layouts/application
  Rendered /home/nitesh/.rvm/gems/ruby-3.3.0/gems/devise-4.9.4/app/views/devise/shared/_links.html.erb (Duration: 0.3ms | GC: 0.0ms)
  Rendered /home/nitesh/.rvm/gems/ruby-3.3.0/gems/devise-4.9.4/app/views/devise/sessions/new.html.erb within layouts/application (Duration: 2.5ms | GC: 0.0ms)
  Rendered layout layouts/application.html.erb (Duration: 3.2ms | GC: 0.0ms)
Completed 200 OK in 8ms (Views: 3.7ms | ActiveRecord: 0.0ms (0 queries, 0 cached) | GC: 0.0ms)


Started GET "/users/sign_in" for ::1 at 2025-08-21 17:59:02 +0530
Processing by Devise::SessionsController#new as HTML
  Rendering layout layouts/application.html.erb
  Rendering /home/nitesh/.rvm/gems/ruby-3.3.0/gems/devise-4.9.4/app/views/devise/sessions/new.html.erb within layouts/application
  Rendered /home/nitesh/.rvm/gems/ruby-3.3.0/gems/devise-4.9.4/app/views/devise/shared/_links.html.erb (Duration: 0.4ms | GC: 0.0ms)
  Rendered /home/nitesh/.rvm/gems/ruby-3.3.0/gems/devise-4.9.4/app/views/devise/sessions/new.html.erb within layouts/application (Duration: 7.4ms | GC: 0.0ms)
  Rendered layout layouts/application.html.erb (Duration: 7.9ms | GC: 0.0ms)
Completed 200 OK in 19ms (Views: 13.2ms | ActiveRecord: 0.0ms (0 queries, 0 cached) | GC: 0.0ms)


Started GET "/users/sign_in" for ::1 at 2025-08-21 17:59:29 +0530
Processing by Devise::SessionsController#new as HTML
  Rendering layout layouts/application.html.erb
  Rendering /home/nitesh/.rvm/gems/ruby-3.3.0/gems/devise-4.9.4/app/views/devise/sessions/new.html.erb within layouts/application
  Rendered /home/nitesh/.rvm/gems/ruby-3.3.0/gems/devise-4.9.4/app/views/devise/shared/_links.html.erb (Duration: 0.8ms | GC: 0.0ms)
  Rendered /home/nitesh/.rvm/gems/ruby-3.3.0/gems/devise-4.9.4/app/views/devise/sessions/new.html.erb within layouts/application (Duration: 1.6ms | GC: 0.0ms)
  Rendered layout layouts/application.html.erb (Duration: 2.1ms | GC: 0.0ms)
Completed 200 OK in 11ms (Views: 2.3ms | ActiveRecord: 0.0ms (0 queries, 0 cached) | GC: 1.3ms)


Started GET "/assets/application-f27485ec.css" for ::1 at 2025-08-21 17:59:29 +0530
Started GET "/users/sign_in" for ::1 at 2025-08-21 17:59:30 +0530
Processing by Devise::SessionsController#new as HTML
  Rendering layout layouts/application.html.erb
  Rendering /home/nitesh/.rvm/gems/ruby-3.3.0/gems/devise-4.9.4/app/views/devise/sessions/new.html.erb within layouts/application
  Rendered /home/nitesh/.rvm/gems/ruby-3.3.0/gems/devise-4.9.4/app/views/devise/shared/_links.html.erb (Duration: 0.3ms | GC: 0.0ms)
  Rendered /home/nitesh/.rvm/gems/ruby-3.3.0/gems/devise-4.9.4/app/views/devise/sessions/new.html.erb within layouts/application (Duration: 2.3ms | GC: 0.0ms)
  Rendered layout layouts/application.html.erb (Duration: 4.8ms | GC: 0.0ms)
Completed 200 OK in 13ms (Views: 6.1ms | ActiveRecord: 0.0ms (0 queries, 0 cached) | GC: 0.0ms)


Started POST "/users/sign_in" for ::1 at 2025-08-21 17:59:37 +0530
Processing by Devise::SessionsController#create as HTML
  Parameters: {"authenticity_token"=>"[FILTERED]", "user"=>{"email"=>"[FILTERED]", "password"=>"[FILTERED]", "remember_me"=>"0"}, "commit"=>"Log in"}
  [1m[36mUser Load (0.1ms)[0m  [1m[34mSELECT "users".* FROM "users" WHERE "users"."email" = 'nitesh.krjs@gmail.com' ORDER BY "users"."id" ASC LIMIT 1 /*action='create',application='SnakeWaterGun',controller='sessions'*/[0m
Redirected to http://localhost:3000/
Completed 303 See Other in 178ms (ActiveRecord: 0.1ms (1 query, 0 cached) | GC: 0.0ms)


Started GET "/" for ::1 at 2025-08-21 17:59:38 +0530
Processing by RoundsController#new as HTML
  [1m[36mUser Load (0.1ms)[0m  [1m[34mSELECT "users".* FROM "users" WHERE "users"."id" = 1 ORDER BY "users"."id" ASC LIMIT 1 /*action='new',application='SnakeWaterGun',controller='rounds'*/[0m
  Rendering layout layouts/application.html.erb
  Rendering rounds/new.html.erb within layouts/application
  Rendered rounds/new.html.erb within layouts/application (Duration: 0.8ms | GC: 0.0ms)
  Rendered layout layouts/application.html.erb (Duration: 1.9ms | GC: 0.0ms)
Completed 200 OK in 10ms (Views: 3.6ms | ActiveRecord: 0.1ms (1 query, 0 cached) | GC: 0.0ms)


Started DELETE "/users/sign_out" for ::1 at 2025-08-21 17:59:41 +0530
Processing by Devise::SessionsController#destroy as HTML
  Parameters: {"authenticity_token"=>"[FILTERED]"}
  [1m[36mUser Load (0.1ms)[0m  [1m[34mSELECT "users".* FROM "users" WHERE "users"."id" = 1 ORDER BY "users"."id" ASC LIMIT 1 /*action='destroy',application='SnakeWaterGun',controller='sessions'*/[0m
Redirected to http://localhost:3000/
Completed 303 See Other in 7ms (ActiveRecord: 0.1ms (1 query, 0 cached) | GC: 0.4ms)


Started GET "/" for ::1 at 2025-08-21 17:59:41 +0530
Processing by RoundsController#new as HTML
Completed 401 Unauthorized in 4ms (ActiveRecord: 0.0ms (0 queries, 0 cached) | GC: 0.0ms)


Started GET "/users/sign_in" for ::1 at 2025-08-21 17:59:41 +0530
Processing by Devise::SessionsController#new as HTML
  Rendering layout layouts/application.html.erb
  Rendering /home/nitesh/.rvm/gems/ruby-3.3.0/gems/devise-4.9.4/app/views/devise/sessions/new.html.erb within layouts/application
  Rendered /home/nitesh/.rvm/gems/ruby-3.3.0/gems/devise-4.9.4/app/views/devise/shared/_links.html.erb (Duration: 0.1ms | GC: 0.0ms)
  Rendered /home/nitesh/.rvm/gems/ruby-3.3.0/gems/devise-4.9.4/app/views/devise/sessions/new.html.erb within layouts/application (Duration: 1.1ms | GC: 0.0ms)
  Rendered layout layouts/application.html.erb (Duration: 1.4ms | GC: 0.0ms)
Completed 200 OK in 7ms (Views: 1.6ms | ActiveRecord: 0.0ms (0 queries, 0 cached) | GC: 0.0ms)


Started GET "/users/sign_in" for ::1 at 2025-08-21 17:59:44 +0530
Processing by Devise::SessionsController#new as HTML
  Rendering layout layouts/application.html.erb
  Rendering /home/nitesh/.rvm/gems/ruby-3.3.0/gems/devise-4.9.4/app/views/devise/sessions/new.html.erb within layouts/application
  Rendered /home/nitesh/.rvm/gems/ruby-3.3.0/gems/devise-4.9.4/app/views/devise/shared/_links.html.erb (Duration: 0.1ms | GC: 0.0ms)
  Rendered /home/nitesh/.rvm/gems/ruby-3.3.0/gems/devise-4.9.4/app/views/devise/sessions/new.html.erb within layouts/application (Duration: 0.7ms | GC: 0.0ms)
  Rendered layout layouts/application.html.erb (Duration: 1.0ms | GC: 0.0ms)
Completed 200 OK in 6ms (Views: 1.3ms | ActiveRecord: 0.0ms (0 queries, 0 cached) | GC: 0.0ms)


Started POST "/users/sign_in" for ::1 at 2025-08-21 17:59:53 +0530
Processing by Devise::SessionsController#create as HTML
  Parameters: {"authenticity_token"=>"[FILTERED]", "user"=>{"email"=>"[FILTERED]", "password"=>"[FILTERED]", "remember_me"=>"0"}, "commit"=>"Log in"}
  [1m[36mUser Load (0.1ms)[0m  [1m[34mSELECT "users".* FROM "users" WHERE "users"."email" = 'nitesh.krjs@gmail.com' ORDER BY "users"."id" ASC LIMIT 1 /*action='create',application='SnakeWaterGun',controller='sessions'*/[0m
Redirected to http://localhost:3000/
Completed 303 See Other in 176ms (ActiveRecord: 0.1ms (1 query, 0 cached) | GC: 0.0ms)


Started GET "/" for ::1 at 2025-08-21 17:59:54 +0530
Processing by RoundsController#new as HTML
  [1m[36mUser Load (0.1ms)[0m  [1m[34mSELECT "users".* FROM "users" WHERE "users"."id" = 1 ORDER BY "users"."id" ASC LIMIT 1 /*action='new',application='SnakeWaterGun',controller='rounds'*/[0m
  Rendering layout layouts/application.html.erb
  Rendering rounds/new.html.erb within layouts/application
  Rendered rounds/new.html.erb within layouts/application (Duration: 0.2ms | GC: 0.0ms)
  Rendered layout layouts/application.html.erb (Duration: 1.0ms | GC: 0.0ms)
Completed 200 OK in 7ms (Views: 1.1ms | ActiveRecord: 0.1ms (1 query, 0 cached) | GC: 0.0ms)


Started GET "/" for ::1 at 2025-08-21 18:00:21 +0530
Processing by RoundsController#new as HTML
  [1m[36mUser Load (0.1ms)[0m  [1m[34mSELECT "users".* FROM "users" WHERE "users"."id" = 1 ORDER BY "users"."id" ASC LIMIT 1 /*action='new',application='SnakeWaterGun',controller='rounds'*/[0m
  Rendering layout layouts/application.html.erb
  Rendering rounds/new.html.erb within layouts/application
  Rendered rounds/new.html.erb within layouts/application (Duration: 0.2ms | GC: 0.0ms)
  Rendered layout layouts/application.html.erb (Duration: 0.7ms | GC: 0.0ms)
Completed 200 OK in 8ms (Views: 0.8ms | ActiveRecord: 0.1ms (1 query, 0 cached) | GC: 0.0ms)


Started GET "/assets/application-000afb75.css" for ::1 at 2025-08-21 18:00:21 +0530
Started GET "/" for ::1 at 2025-08-21 18:01:03 +0530
Processing by RoundsController#new as HTML
  [1m[36mUser Load (0.1ms)[0m  [1m[34mSELECT "users".* FROM "users" WHERE "users"."id" = 1 ORDER BY "users"."id" ASC LIMIT 1 /*action='new',application='SnakeWaterGun',controller='rounds'*/[0m
  Rendering layout layouts/application.html.erb
  Rendering rounds/new.html.erb within layouts/application
  Rendered rounds/new.html.erb within layouts/application (Duration: 0.2ms | GC: 0.0ms)
  Rendered layout layouts/application.html.erb (Duration: 0.7ms | GC: 0.0ms)
Completed 200 OK in 9ms (Views: 0.8ms | ActiveRecord: 0.1ms (1 query, 0 cached) | GC: 0.8ms)


Started GET "/assets/application-a69606b6.css" for ::1 at 2025-08-21 18:01:03 +0530
Started DELETE "/users/sign_out" for ::1 at 2025-08-21 18:01:33 +0530
Processing by Devise::SessionsController#destroy as HTML
  Parameters: {"authenticity_token"=>"[FILTERED]"}
  [1m[36mUser Load (0.1ms)[0m  [1m[34mSELECT "users".* FROM "users" WHERE "users"."id" = 1 ORDER BY "users"."id" ASC LIMIT 1 /*action='destroy',application='SnakeWaterGun',controller='sessions'*/[0m
Redirected to http://localhost:3000/
Completed 303 See Other in 7ms (ActiveRecord: 0.1ms (1 query, 0 cached) | GC: 0.0ms)


Started GET "/" for ::1 at 2025-08-21 18:01:33 +0530
Processing by RoundsController#new as HTML
Completed 401 Unauthorized in 4ms (ActiveRecord: 0.0ms (0 queries, 0 cached) | GC: 0.0ms)


Started GET "/users/sign_in" for ::1 at 2025-08-21 18:01:33 +0530
Processing by Devise::SessionsController#new as HTML
  Rendering layout layouts/application.html.erb
  Rendering /home/nitesh/.rvm/gems/ruby-3.3.0/gems/devise-4.9.4/app/views/devise/sessions/new.html.erb within layouts/application
  Rendered /home/nitesh/.rvm/gems/ruby-3.3.0/gems/devise-4.9.4/app/views/devise/shared/_links.html.erb (Duration: 0.1ms | GC: 0.0ms)
  Rendered /home/nitesh/.rvm/gems/ruby-3.3.0/gems/devise-4.9.4/app/views/devise/sessions/new.html.erb within layouts/application (Duration: 2.0ms | GC: 0.0ms)
  Rendered layout layouts/application.html.erb (Duration: 2.3ms | GC: 0.0ms)
Completed 200 OK in 7ms (Views: 2.5ms | ActiveRecord: 0.0ms (0 queries, 0 cached) | GC: 0.0ms)


